<?xml version="1.0" encoding="utf-8"?><testsuites name="pytest tests"><testsuite name="pytest" errors="0" failures="3" skipped="0" tests="3" time="2.343" timestamp="2026-02-22T02:09:24.827966+00:00" hostname="DESKTOP-RLB0SNB"><testcase classname="tests.functional.test_actes" name="test_templates_index" time="0.823"><failure message="assert (b'Mod\xc3\xa8les' in b'&lt;!DOCTYPE html&gt;\n&lt;html lang=&quot;fr&quot; class=&quot;h-full bg-gray-50&quot;&gt;\n\n&lt;head&gt;\n    &lt;meta charset=&quot;UTF-8&quot;&gt;\n    &lt;meta name=&quot;viewport&quot; content=&quot;width=device-width, initial-scale=1.0&quot;&gt;\n    &lt;title&gt;AGEN-OHADA&lt;/title&gt;\n    &lt;script src=&quot;https://cdn.tailwindcss.com&quot;&gt;&lt;/script&gt;\n    &lt;link rel=&quot;stylesheet&quot; href=&quot;https://unpkg.com/easymde/dist/easymde.min.css&quot;&gt;\n\n    &lt;!-- Tom Select --&gt;\n    &lt;link href=&quot;https://cdn.jsdelivr.net/npm/tom-select@2.2.2/dist/css/tom-select.css&quot; rel=&quot;stylesheet&quot;&gt;\n    &lt;script src=&quot;https://cdn.jsdelivr.net/npm/tom-select@2.2.2/dist/js/tom-select.min.js&quot;&gt;&lt;/script&gt;\n\n    &lt;link href=&quot;https://fonts.googleapis.com/css2?family=Inter:wght@300;400;500;600;700&amp;display=swap&quot; rel=&quot;stylesheet&quot;&gt;\n    &lt;script defer src=&quot;https://cdn.jsdelivr.net/npm/alpinejs@3.x.x/dist/cdn.min.js&quot;&gt;&lt;/script&gt;\n    &lt;style&gt;\n        body {\n            font-family: \'Inter\', sans-serif;\n        }\n\n        [x-cloak] {\n            display: none !important;\n        }\n\n        /* Basic Markdown Styling */\n        .prose h1 {\n            font-size: 2.25rem;\n            font-weight: 700;\n            margin-top: 1.5rem;\n            margin-bottom: 1rem;\n        }\n\n        .prose h2 {\n          ...&gt;\n&lt;/div&gt;\n\n            &lt;/div&gt;\n        &lt;/main&gt;\n\n        \n        &lt;footer class=&quot;bg-white&quot;&gt;\n            &lt;div class=&quot;mx-auto max-w-7xl px-6 py-4 md:flex md:items-center md:justify-between lg:px-8&quot;&gt;\n                &lt;div class=&quot;mt-8 md:order-1 md:mt-0&quot;&gt;\n                    &lt;p class=&quot;text-center text-xs leading-5 text-gray-500&quot;&gt;&amp;copy; 2026\n                        AGEN-OHADA. Tous droits r\xc3\xa9serv\xc3\xa9s. v1.1.0&lt;/p&gt;\n                &lt;/div&gt;\n            &lt;/div&gt;\n        &lt;/footer&gt;\n        \n    &lt;/div&gt;\n    \n\n    &lt;!-- Tom Select JS --&gt;\n    &lt;script src=&quot;https://cdn.jsdelivr.net/npm/tom-select@2.2.2/dist/js/tom-select.complete.min.js&quot;&gt;&lt;/script&gt;\n    &lt;script&gt;\n        // Automatic initialization for elements with class \'tom-select\'\n        document.addEventListener(\'DOMContentLoaded\', function () {\n            document.querySelectorAll(\'.tom-select\').forEach(function (el) {\n                new TomSelect(el, {\n                    create: false,\n                    sortField: {\n                        field: &quot;text&quot;,\n                        direction: &quot;asc&quot;\n                    }\n                });\n            });\n        });\n    &lt;/script&gt;\n&lt;/body&gt;\n\n&lt;/html&gt;' or b'Mod\xe8les' in b'&lt;!DOCTYPE html&gt;\n&lt;html lang=&quot;fr&quot; class=&quot;h-full bg-gray-50&quot;&gt;\n\n&lt;head&gt;\n    &lt;meta charset=&quot;UTF-8&quot;&gt;\n    &lt;meta name=&quot;viewport&quot; content=&quot;width=device-width, initial-scale=1.0&quot;&gt;\n    &lt;title&gt;AGEN-OHADA&lt;/title&gt;\n    &lt;script src=&quot;https://cdn.tailwindcss.com&quot;&gt;&lt;/script&gt;\n    &lt;link rel=&quot;stylesheet&quot; href=&quot;https://unpkg.com/easymde/dist/easymde.min.css&quot;&gt;\n\n    &lt;!-- Tom Select --&gt;\n    &lt;link href=&quot;https://cdn.jsdelivr.net/npm/tom-select@2.2.2/dist/css/tom-select.css&quot; rel=&quot;stylesheet&quot;&gt;\n    &lt;script src=&quot;https://cdn.jsdelivr.net/npm/tom-select@2.2.2/dist/js/tom-select.min.js&quot;&gt;&lt;/script&gt;\n\n    &lt;link href=&quot;https://fonts.googleapis.com/css2?family=Inter:wght@300;400;500;600;700&amp;display=swap&quot; rel=&quot;stylesheet&quot;&gt;\n    &lt;script defer src=&quot;https://cdn.jsdelivr.net/npm/alpinejs@3.x.x/dist/cdn.min.js&quot;&gt;&lt;/script&gt;\n    &lt;style&gt;\n        body {\n            font-family: \'Inter\', sans-serif;\n        }\n\n        [x-cloak] {\n            display: none !important;\n        }\n\n        /* Basic Markdown Styling */\n        .prose h1 {\n            font-size: 2.25rem;\n            font-weight: 700;\n            margin-top: 1.5rem;\n            margin-bottom: 1rem;\n        }\n\n        .prose h2 {\n          ...&gt;\n&lt;/div&gt;\n\n            &lt;/div&gt;\n        &lt;/main&gt;\n\n        \n        &lt;footer class=&quot;bg-white&quot;&gt;\n            &lt;div class=&quot;mx-auto max-w-7xl px-6 py-4 md:flex md:items-center md:justify-between lg:px-8&quot;&gt;\n                &lt;div class=&quot;mt-8 md:order-1 md:mt-0&quot;&gt;\n                    &lt;p class=&quot;text-center text-xs leading-5 text-gray-500&quot;&gt;&amp;copy; 2026\n                        AGEN-OHADA. Tous droits r\xc3\xa9serv\xc3\xa9s. v1.1.0&lt;/p&gt;\n                &lt;/div&gt;\n            &lt;/div&gt;\n        &lt;/footer&gt;\n        \n    &lt;/div&gt;\n    \n\n    &lt;!-- Tom Select JS --&gt;\n    &lt;script src=&quot;https://cdn.jsdelivr.net/npm/tom-select@2.2.2/dist/js/tom-select.complete.min.js&quot;&gt;&lt;/script&gt;\n    &lt;script&gt;\n        // Automatic initialization for elements with class \'tom-select\'\n        document.addEventListener(\'DOMContentLoaded\', function () {\n            document.querySelectorAll(\'.tom-select\').forEach(function (el) {\n                new TomSelect(el, {\n                    create: false,\n                    sortField: {\n                        field: &quot;text&quot;,\n                        direction: &quot;asc&quot;\n                    }\n                });\n            });\n        });\n    &lt;/script&gt;\n&lt;/body&gt;\n\n&lt;/html&gt;')&#10; +  where b'&lt;!DOCTYPE html&gt;\n&lt;html lang=&quot;fr&quot; class=&quot;h-full bg-gray-50&quot;&gt;\n\n&lt;head&gt;\n    &lt;meta charset=&quot;UTF-8&quot;&gt;\n    &lt;meta name=&quot;viewport&quot; content=&quot;width=device-width, initial-scale=1.0&quot;&gt;\n    &lt;title&gt;AGEN-OHADA&lt;/title&gt;\n    &lt;script src=&quot;https://cdn.tailwindcss.com&quot;&gt;&lt;/script&gt;\n    &lt;link rel=&quot;stylesheet&quot; href=&quot;https://unpkg.com/easymde/dist/easymde.min.css&quot;&gt;\n\n    &lt;!-- Tom Select --&gt;\n    &lt;link href=&quot;https://cdn.jsdelivr.net/npm/tom-select@2.2.2/dist/css/tom-select.css&quot; rel=&quot;stylesheet&quot;&gt;\n    &lt;script src=&quot;https://cdn.jsdelivr.net/npm/tom-select@2.2.2/dist/js/tom-select.min.js&quot;&gt;&lt;/script&gt;\n\n    &lt;link href=&quot;https://fonts.googleapis.com/css2?family=Inter:wght@300;400;500;600;700&amp;display=swap&quot; rel=&quot;stylesheet&quot;&gt;\n    &lt;script defer src=&quot;https://cdn.jsdelivr.net/npm/alpinejs@3.x.x/dist/cdn.min.js&quot;&gt;&lt;/script&gt;\n    &lt;style&gt;\n        body {\n            font-family: \'Inter\', sans-serif;\n        }\n\n        [x-cloak] {\n            display: none !important;\n        }\n\n        /* Basic Markdown Styling */\n        .prose h1 {\n            font-size: 2.25rem;\n            font-weight: 700;\n            margin-top: 1.5rem;\n            margin-bottom: 1rem;\n        }\n\n        .prose h2 {\n          ...&gt;\n&lt;/div&gt;\n\n            &lt;/div&gt;\n        &lt;/main&gt;\n\n        \n        &lt;footer class=&quot;bg-white&quot;&gt;\n            &lt;div class=&quot;mx-auto max-w-7xl px-6 py-4 md:flex md:items-center md:justify-between lg:px-8&quot;&gt;\n                &lt;div class=&quot;mt-8 md:order-1 md:mt-0&quot;&gt;\n                    &lt;p class=&quot;text-center text-xs leading-5 text-gray-500&quot;&gt;&amp;copy; 2026\n                        AGEN-OHADA. Tous droits r\xc3\xa9serv\xc3\xa9s. v1.1.0&lt;/p&gt;\n                &lt;/div&gt;\n            &lt;/div&gt;\n        &lt;/footer&gt;\n        \n    &lt;/div&gt;\n    \n\n    &lt;!-- Tom Select JS --&gt;\n    &lt;script src=&quot;https://cdn.jsdelivr.net/npm/tom-select@2.2.2/dist/js/tom-select.complete.min.js&quot;&gt;&lt;/script&gt;\n    &lt;script&gt;\n        // Automatic initialization for elements with class \'tom-select\'\n        document.addEventListener(\'DOMContentLoaded\', function () {\n            document.querySelectorAll(\'.tom-select\').forEach(function (el) {\n                new TomSelect(el, {\n                    create: false,\n                    sortField: {\n                        field: &quot;text&quot;,\n                        direction: &quot;asc&quot;\n                    }\n                });\n            });\n        });\n    &lt;/script&gt;\n&lt;/body&gt;\n\n&lt;/html&gt;' = &lt;WrapperTestResponse 22123 bytes [200 OK]&gt;.data&#10; +  and   b'&lt;!DOCTYPE html&gt;\n&lt;html lang=&quot;fr&quot; class=&quot;h-full bg-gray-50&quot;&gt;\n\n&lt;head&gt;\n    &lt;meta charset=&quot;UTF-8&quot;&gt;\n    &lt;meta name=&quot;viewport&quot; content=&quot;width=device-width, initial-scale=1.0&quot;&gt;\n    &lt;title&gt;AGEN-OHADA&lt;/title&gt;\n    &lt;script src=&quot;https://cdn.tailwindcss.com&quot;&gt;&lt;/script&gt;\n    &lt;link rel=&quot;stylesheet&quot; href=&quot;https://unpkg.com/easymde/dist/easymde.min.css&quot;&gt;\n\n    &lt;!-- Tom Select --&gt;\n    &lt;link href=&quot;https://cdn.jsdelivr.net/npm/tom-select@2.2.2/dist/css/tom-select.css&quot; rel=&quot;stylesheet&quot;&gt;\n    &lt;script src=&quot;https://cdn.jsdelivr.net/npm/tom-select@2.2.2/dist/js/tom-select.min.js&quot;&gt;&lt;/script&gt;\n\n    &lt;link href=&quot;https://fonts.googleapis.com/css2?family=Inter:wght@300;400;500;600;700&amp;display=swap&quot; rel=&quot;stylesheet&quot;&gt;\n    &lt;script defer src=&quot;https://cdn.jsdelivr.net/npm/alpinejs@3.x.x/dist/cdn.min.js&quot;&gt;&lt;/script&gt;\n    &lt;style&gt;\n        body {\n            font-family: \'Inter\', sans-serif;\n        }\n\n        [x-cloak] {\n            display: none !important;\n        }\n\n        /* Basic Markdown Styling */\n        .prose h1 {\n            font-size: 2.25rem;\n            font-weight: 700;\n            margin-top: 1.5rem;\n            margin-bottom: 1rem;\n        }\n\n        .prose h2 {\n          ...&gt;\n&lt;/div&gt;\n\n            &lt;/div&gt;\n        &lt;/main&gt;\n\n        \n        &lt;footer class=&quot;bg-white&quot;&gt;\n            &lt;div class=&quot;mx-auto max-w-7xl px-6 py-4 md:flex md:items-center md:justify-between lg:px-8&quot;&gt;\n                &lt;div class=&quot;mt-8 md:order-1 md:mt-0&quot;&gt;\n                    &lt;p class=&quot;text-center text-xs leading-5 text-gray-500&quot;&gt;&amp;copy; 2026\n                        AGEN-OHADA. Tous droits r\xc3\xa9serv\xc3\xa9s. v1.1.0&lt;/p&gt;\n                &lt;/div&gt;\n            &lt;/div&gt;\n        &lt;/footer&gt;\n        \n    &lt;/div&gt;\n    \n\n    &lt;!-- Tom Select JS --&gt;\n    &lt;script src=&quot;https://cdn.jsdelivr.net/npm/tom-select@2.2.2/dist/js/tom-select.complete.min.js&quot;&gt;&lt;/script&gt;\n    &lt;script&gt;\n        // Automatic initialization for elements with class \'tom-select\'\n        document.addEventListener(\'DOMContentLoaded\', function () {\n            document.querySelectorAll(\'.tom-select\').forEach(function (el) {\n                new TomSelect(el, {\n                    create: false,\n                    sortField: {\n                        field: &quot;text&quot;,\n                        direction: &quot;asc&quot;\n                    }\n                });\n            });\n        });\n    &lt;/script&gt;\n&lt;/body&gt;\n\n&lt;/html&gt;' = &lt;WrapperTestResponse 22123 bytes [200 OK]&gt;.data">client = &lt;FlaskClient &lt;Flask 'app'&gt;&gt;
auth = &lt;conftest.AuthActions object at 0x00000234651CECF0&gt;

    def test_templates_index(client, auth):
        auth.login()
        response = client.get('/actes/templates')
        assert response.status_code == 200
&gt;       assert b'Mod\xc3\xa8les' in response.data or b'Mod\xe8les' in response.data
E       assert (b'Mod\xc3\xa8les' in b'&lt;!DOCTYPE html&gt;\n&lt;html lang="fr" class="h-full bg-gray-50"&gt;\n\n&lt;head&gt;\n    &lt;meta charset="UTF-8"&gt;\n    &lt;meta name="viewport" content="width=device-width, initial-scale=1.0"&gt;\n    &lt;title&gt;AGEN-OHADA&lt;/title&gt;\n    &lt;script src="https://cdn.tailwindcss.com"&gt;&lt;/script&gt;\n    &lt;link rel="stylesheet" href="https://unpkg.com/easymde/dist/easymde.min.css"&gt;\n\n    &lt;!-- Tom Select --&gt;\n    &lt;link href="https://cdn.jsdelivr.net/npm/tom-select@2.2.2/dist/css/tom-select.css" rel="stylesheet"&gt;\n    &lt;script src="https://cdn.jsdelivr.net/npm/tom-select@2.2.2/dist/js/tom-select.min.js"&gt;&lt;/script&gt;\n\n    &lt;link href="https://fonts.googleapis.com/css2?family=Inter:wght@300;400;500;600;700&amp;display=swap" rel="stylesheet"&gt;\n    &lt;script defer src="https://cdn.jsdelivr.net/npm/alpinejs@3.x.x/dist/cdn.min.js"&gt;&lt;/script&gt;\n    &lt;style&gt;\n        body {\n            font-family: \'Inter\', sans-serif;\n        }\n\n        [x-cloak] {\n            display: none !important;\n        }\n\n        /* Basic Markdown Styling */\n        .prose h1 {\n            font-size: 2.25rem;\n            font-weight: 700;\n            margin-top: 1.5rem;\n            margin-bottom: 1rem;\n        }\n\n        .prose h2 {\n          ...&gt;\n&lt;/div&gt;\n\n            &lt;/div&gt;\n        &lt;/main&gt;\n\n        \n        &lt;footer class="bg-white"&gt;\n            &lt;div class="mx-auto max-w-7xl px-6 py-4 md:flex md:items-center md:justify-between lg:px-8"&gt;\n                &lt;div class="mt-8 md:order-1 md:mt-0"&gt;\n                    &lt;p class="text-center text-xs leading-5 text-gray-500"&gt;&amp;copy; 2026\n                        AGEN-OHADA. Tous droits r\xc3\xa9serv\xc3\xa9s. v1.1.0&lt;/p&gt;\n                &lt;/div&gt;\n            &lt;/div&gt;\n        &lt;/footer&gt;\n        \n    &lt;/div&gt;\n    \n\n    &lt;!-- Tom Select JS --&gt;\n    &lt;script src="https://cdn.jsdelivr.net/npm/tom-select@2.2.2/dist/js/tom-select.complete.min.js"&gt;&lt;/script&gt;\n    &lt;script&gt;\n        // Automatic initialization for elements with class \'tom-select\'\n        document.addEventListener(\'DOMContentLoaded\', function () {\n            document.querySelectorAll(\'.tom-select\').forEach(function (el) {\n                new TomSelect(el, {\n                    create: false,\n                    sortField: {\n                        field: "text",\n                        direction: "asc"\n                    }\n                });\n            });\n        });\n    &lt;/script&gt;\n&lt;/body&gt;\n\n&lt;/html&gt;' or b'Mod\xe8les' in b'&lt;!DOCTYPE html&gt;\n&lt;html lang="fr" class="h-full bg-gray-50"&gt;\n\n&lt;head&gt;\n    &lt;meta charset="UTF-8"&gt;\n    &lt;meta name="viewport" content="width=device-width, initial-scale=1.0"&gt;\n    &lt;title&gt;AGEN-OHADA&lt;/title&gt;\n    &lt;script src="https://cdn.tailwindcss.com"&gt;&lt;/script&gt;\n    &lt;link rel="stylesheet" href="https://unpkg.com/easymde/dist/easymde.min.css"&gt;\n\n    &lt;!-- Tom Select --&gt;\n    &lt;link href="https://cdn.jsdelivr.net/npm/tom-select@2.2.2/dist/css/tom-select.css" rel="stylesheet"&gt;\n    &lt;script src="https://cdn.jsdelivr.net/npm/tom-select@2.2.2/dist/js/tom-select.min.js"&gt;&lt;/script&gt;\n\n    &lt;link href="https://fonts.googleapis.com/css2?family=Inter:wght@300;400;500;600;700&amp;display=swap" rel="stylesheet"&gt;\n    &lt;script defer src="https://cdn.jsdelivr.net/npm/alpinejs@3.x.x/dist/cdn.min.js"&gt;&lt;/script&gt;\n    &lt;style&gt;\n        body {\n            font-family: \'Inter\', sans-serif;\n        }\n\n        [x-cloak] {\n            display: none !important;\n        }\n\n        /* Basic Markdown Styling */\n        .prose h1 {\n            font-size: 2.25rem;\n            font-weight: 700;\n            margin-top: 1.5rem;\n            margin-bottom: 1rem;\n        }\n\n        .prose h2 {\n          ...&gt;\n&lt;/div&gt;\n\n            &lt;/div&gt;\n        &lt;/main&gt;\n\n        \n        &lt;footer class="bg-white"&gt;\n            &lt;div class="mx-auto max-w-7xl px-6 py-4 md:flex md:items-center md:justify-between lg:px-8"&gt;\n                &lt;div class="mt-8 md:order-1 md:mt-0"&gt;\n                    &lt;p class="text-center text-xs leading-5 text-gray-500"&gt;&amp;copy; 2026\n                        AGEN-OHADA. Tous droits r\xc3\xa9serv\xc3\xa9s. v1.1.0&lt;/p&gt;\n                &lt;/div&gt;\n            &lt;/div&gt;\n        &lt;/footer&gt;\n        \n    &lt;/div&gt;\n    \n\n    &lt;!-- Tom Select JS --&gt;\n    &lt;script src="https://cdn.jsdelivr.net/npm/tom-select@2.2.2/dist/js/tom-select.complete.min.js"&gt;&lt;/script&gt;\n    &lt;script&gt;\n        // Automatic initialization for elements with class \'tom-select\'\n        document.addEventListener(\'DOMContentLoaded\', function () {\n            document.querySelectorAll(\'.tom-select\').forEach(function (el) {\n                new TomSelect(el, {\n                    create: false,\n                    sortField: {\n                        field: "text",\n                        direction: "asc"\n                    }\n                });\n            });\n        });\n    &lt;/script&gt;\n&lt;/body&gt;\n\n&lt;/html&gt;')
E        +  where b'&lt;!DOCTYPE html&gt;\n&lt;html lang="fr" class="h-full bg-gray-50"&gt;\n\n&lt;head&gt;\n    &lt;meta charset="UTF-8"&gt;\n    &lt;meta name="viewport" content="width=device-width, initial-scale=1.0"&gt;\n    &lt;title&gt;AGEN-OHADA&lt;/title&gt;\n    &lt;script src="https://cdn.tailwindcss.com"&gt;&lt;/script&gt;\n    &lt;link rel="stylesheet" href="https://unpkg.com/easymde/dist/easymde.min.css"&gt;\n\n    &lt;!-- Tom Select --&gt;\n    &lt;link href="https://cdn.jsdelivr.net/npm/tom-select@2.2.2/dist/css/tom-select.css" rel="stylesheet"&gt;\n    &lt;script src="https://cdn.jsdelivr.net/npm/tom-select@2.2.2/dist/js/tom-select.min.js"&gt;&lt;/script&gt;\n\n    &lt;link href="https://fonts.googleapis.com/css2?family=Inter:wght@300;400;500;600;700&amp;display=swap" rel="stylesheet"&gt;\n    &lt;script defer src="https://cdn.jsdelivr.net/npm/alpinejs@3.x.x/dist/cdn.min.js"&gt;&lt;/script&gt;\n    &lt;style&gt;\n        body {\n            font-family: \'Inter\', sans-serif;\n        }\n\n        [x-cloak] {\n            display: none !important;\n        }\n\n        /* Basic Markdown Styling */\n        .prose h1 {\n            font-size: 2.25rem;\n            font-weight: 700;\n            margin-top: 1.5rem;\n            margin-bottom: 1rem;\n        }\n\n        .prose h2 {\n          ...&gt;\n&lt;/div&gt;\n\n            &lt;/div&gt;\n        &lt;/main&gt;\n\n        \n        &lt;footer class="bg-white"&gt;\n            &lt;div class="mx-auto max-w-7xl px-6 py-4 md:flex md:items-center md:justify-between lg:px-8"&gt;\n                &lt;div class="mt-8 md:order-1 md:mt-0"&gt;\n                    &lt;p class="text-center text-xs leading-5 text-gray-500"&gt;&amp;copy; 2026\n                        AGEN-OHADA. Tous droits r\xc3\xa9serv\xc3\xa9s. v1.1.0&lt;/p&gt;\n                &lt;/div&gt;\n            &lt;/div&gt;\n        &lt;/footer&gt;\n        \n    &lt;/div&gt;\n    \n\n    &lt;!-- Tom Select JS --&gt;\n    &lt;script src="https://cdn.jsdelivr.net/npm/tom-select@2.2.2/dist/js/tom-select.complete.min.js"&gt;&lt;/script&gt;\n    &lt;script&gt;\n        // Automatic initialization for elements with class \'tom-select\'\n        document.addEventListener(\'DOMContentLoaded\', function () {\n            document.querySelectorAll(\'.tom-select\').forEach(function (el) {\n                new TomSelect(el, {\n                    create: false,\n                    sortField: {\n                        field: "text",\n                        direction: "asc"\n                    }\n                });\n            });\n        });\n    &lt;/script&gt;\n&lt;/body&gt;\n\n&lt;/html&gt;' = &lt;WrapperTestResponse 22123 bytes [200 OK]&gt;.data
E        +  and   b'&lt;!DOCTYPE html&gt;\n&lt;html lang="fr" class="h-full bg-gray-50"&gt;\n\n&lt;head&gt;\n    &lt;meta charset="UTF-8"&gt;\n    &lt;meta name="viewport" content="width=device-width, initial-scale=1.0"&gt;\n    &lt;title&gt;AGEN-OHADA&lt;/title&gt;\n    &lt;script src="https://cdn.tailwindcss.com"&gt;&lt;/script&gt;\n    &lt;link rel="stylesheet" href="https://unpkg.com/easymde/dist/easymde.min.css"&gt;\n\n    &lt;!-- Tom Select --&gt;\n    &lt;link href="https://cdn.jsdelivr.net/npm/tom-select@2.2.2/dist/css/tom-select.css" rel="stylesheet"&gt;\n    &lt;script src="https://cdn.jsdelivr.net/npm/tom-select@2.2.2/dist/js/tom-select.min.js"&gt;&lt;/script&gt;\n\n    &lt;link href="https://fonts.googleapis.com/css2?family=Inter:wght@300;400;500;600;700&amp;display=swap" rel="stylesheet"&gt;\n    &lt;script defer src="https://cdn.jsdelivr.net/npm/alpinejs@3.x.x/dist/cdn.min.js"&gt;&lt;/script&gt;\n    &lt;style&gt;\n        body {\n            font-family: \'Inter\', sans-serif;\n        }\n\n        [x-cloak] {\n            display: none !important;\n        }\n\n        /* Basic Markdown Styling */\n        .prose h1 {\n            font-size: 2.25rem;\n            font-weight: 700;\n            margin-top: 1.5rem;\n            margin-bottom: 1rem;\n        }\n\n        .prose h2 {\n          ...&gt;\n&lt;/div&gt;\n\n            &lt;/div&gt;\n        &lt;/main&gt;\n\n        \n        &lt;footer class="bg-white"&gt;\n            &lt;div class="mx-auto max-w-7xl px-6 py-4 md:flex md:items-center md:justify-between lg:px-8"&gt;\n                &lt;div class="mt-8 md:order-1 md:mt-0"&gt;\n                    &lt;p class="text-center text-xs leading-5 text-gray-500"&gt;&amp;copy; 2026\n                        AGEN-OHADA. Tous droits r\xc3\xa9serv\xc3\xa9s. v1.1.0&lt;/p&gt;\n                &lt;/div&gt;\n            &lt;/div&gt;\n        &lt;/footer&gt;\n        \n    &lt;/div&gt;\n    \n\n    &lt;!-- Tom Select JS --&gt;\n    &lt;script src="https://cdn.jsdelivr.net/npm/tom-select@2.2.2/dist/js/tom-select.complete.min.js"&gt;&lt;/script&gt;\n    &lt;script&gt;\n        // Automatic initialization for elements with class \'tom-select\'\n        document.addEventListener(\'DOMContentLoaded\', function () {\n            document.querySelectorAll(\'.tom-select\').forEach(function (el) {\n                new TomSelect(el, {\n                    create: false,\n                    sortField: {\n                        field: "text",\n                        direction: "asc"\n                    }\n                });\n            });\n        });\n    &lt;/script&gt;\n&lt;/body&gt;\n\n&lt;/html&gt;' = &lt;WrapperTestResponse 22123 bytes [200 OK]&gt;.data

tests\functional\test_actes.py:9: AssertionError</failure></testcase><testcase classname="tests.functional.test_actes" name="test_template_create" time="0.370"><failure message="assert (b'Mod\xc3\xa8le cr\xc3\xa9\xc3\xa9' in b'&lt;!DOCTYPE html&gt;\n&lt;html lang=&quot;fr&quot; class=&quot;h-full bg-gray-50&quot;&gt;\n\n&lt;head&gt;\n    &lt;meta charset=&quot;UTF-8&quot;&gt;\n    &lt;meta name=&quot;viewport&quot; content=&quot;width=device-width, initial-scale=1.0&quot;&gt;\n    &lt;title&gt;Nouveau Mod\xc3\xa8le - AGEN-OHADA&lt;/title&gt;\n    &lt;script src=&quot;https://cdn.tailwindcss.com&quot;&gt;&lt;/script&gt;\n    &lt;link rel=&quot;stylesheet&quot; href=&quot;https://unpkg.com/easymde/dist/easymde.min.css&quot;&gt;\n\n    &lt;!-- Tom Select --&gt;\n    &lt;link href=&quot;https://cdn.jsdelivr.net/npm/tom-select@2.2.2/dist/css/tom-select.css&quot; rel=&quot;stylesheet&quot;&gt;\n    &lt;script src=&quot;https://cdn.jsdelivr.net/npm/tom-select@2.2.2/dist/js/tom-select.min.js&quot;&gt;&lt;/script&gt;\n\n    &lt;link href=&quot;https://fonts.googleapis.com/css2?family=Inter:wght@300;400;500;600;700&amp;display=swap&quot; rel=&quot;stylesheet&quot;&gt;\n    &lt;script defer src=&quot;https://cdn.jsdelivr.net/npm/alpinejs@3.x.x/dist/cdn.min.js&quot;&gt;&lt;/script&gt;\n    &lt;style&gt;\n        body {\n            font-family: \'Inter\', sans-serif;\n        }\n\n        [x-cloak] {\n            display: none !important;\n        }\n\n        /* Basic Markdown Styling */\n        .prose h1 {\n            font-size: 2.25rem;\n            font-weight: 700;\n            margin-top: 1.5rem;\n            margin-bottom: 1rem;\n        }\n\n       ... // Manual sync before submission and debug log\n    document.querySelector(\'form\').addEventListener(\'submit\', function (e) {\n        console.log(\'Form submission triggered\');\n        easyMDE.save(); // Manual sync\n        console.log(\'Textarea content:\', document.getElementById(\'contenu\').value);\n    });\n\n    function insertVar(variable) {\n        var cm = easyMDE.codemirror;\n        var cursor = cm.getCursor();\n        cm.replaceRange(variable, cursor);\n        cm.focus();\n    }\n&lt;/script&gt;\n\n\n    &lt;!-- Tom Select JS --&gt;\n    &lt;script src=&quot;https://cdn.jsdelivr.net/npm/tom-select@2.2.2/dist/js/tom-select.complete.min.js&quot;&gt;&lt;/script&gt;\n    &lt;script&gt;\n        // Automatic initialization for elements with class \'tom-select\'\n        document.addEventListener(\'DOMContentLoaded\', function () {\n            document.querySelectorAll(\'.tom-select\').forEach(function (el) {\n                new TomSelect(el, {\n                    create: false,\n                    sortField: {\n                        field: &quot;text&quot;,\n                        direction: &quot;asc&quot;\n                    }\n                });\n            });\n        });\n    &lt;/script&gt;\n&lt;/body&gt;\n\n&lt;/html&gt;' or b'avec success' in b'&lt;!DOCTYPE html&gt;\n&lt;html lang=&quot;fr&quot; class=&quot;h-full bg-gray-50&quot;&gt;\n\n&lt;head&gt;\n    &lt;meta charset=&quot;UTF-8&quot;&gt;\n    &lt;meta name=&quot;viewport&quot; content=&quot;width=device-width, initial-scale=1.0&quot;&gt;\n    &lt;title&gt;Nouveau Mod\xc3\xa8le - AGEN-OHADA&lt;/title&gt;\n    &lt;script src=&quot;https://cdn.tailwindcss.com&quot;&gt;&lt;/script&gt;\n    &lt;link rel=&quot;stylesheet&quot; href=&quot;https://unpkg.com/easymde/dist/easymde.min.css&quot;&gt;\n\n    &lt;!-- Tom Select --&gt;\n    &lt;link href=&quot;https://cdn.jsdelivr.net/npm/tom-select@2.2.2/dist/css/tom-select.css&quot; rel=&quot;stylesheet&quot;&gt;\n    &lt;script src=&quot;https://cdn.jsdelivr.net/npm/tom-select@2.2.2/dist/js/tom-select.min.js&quot;&gt;&lt;/script&gt;\n\n    &lt;link href=&quot;https://fonts.googleapis.com/css2?family=Inter:wght@300;400;500;600;700&amp;display=swap&quot; rel=&quot;stylesheet&quot;&gt;\n    &lt;script defer src=&quot;https://cdn.jsdelivr.net/npm/alpinejs@3.x.x/dist/cdn.min.js&quot;&gt;&lt;/script&gt;\n    &lt;style&gt;\n        body {\n            font-family: \'Inter\', sans-serif;\n        }\n\n        [x-cloak] {\n            display: none !important;\n        }\n\n        /* Basic Markdown Styling */\n        .prose h1 {\n            font-size: 2.25rem;\n            font-weight: 700;\n            margin-top: 1.5rem;\n            margin-bottom: 1rem;\n        }\n\n       ... // Manual sync before submission and debug log\n    document.querySelector(\'form\').addEventListener(\'submit\', function (e) {\n        console.log(\'Form submission triggered\');\n        easyMDE.save(); // Manual sync\n        console.log(\'Textarea content:\', document.getElementById(\'contenu\').value);\n    });\n\n    function insertVar(variable) {\n        var cm = easyMDE.codemirror;\n        var cursor = cm.getCursor();\n        cm.replaceRange(variable, cursor);\n        cm.focus();\n    }\n&lt;/script&gt;\n\n\n    &lt;!-- Tom Select JS --&gt;\n    &lt;script src=&quot;https://cdn.jsdelivr.net/npm/tom-select@2.2.2/dist/js/tom-select.complete.min.js&quot;&gt;&lt;/script&gt;\n    &lt;script&gt;\n        // Automatic initialization for elements with class \'tom-select\'\n        document.addEventListener(\'DOMContentLoaded\', function () {\n            document.querySelectorAll(\'.tom-select\').forEach(function (el) {\n                new TomSelect(el, {\n                    create: false,\n                    sortField: {\n                        field: &quot;text&quot;,\n                        direction: &quot;asc&quot;\n                    }\n                });\n            });\n        });\n    &lt;/script&gt;\n&lt;/body&gt;\n\n&lt;/html&gt;')&#10; +  where b'&lt;!DOCTYPE html&gt;\n&lt;html lang=&quot;fr&quot; class=&quot;h-full bg-gray-50&quot;&gt;\n\n&lt;head&gt;\n    &lt;meta charset=&quot;UTF-8&quot;&gt;\n    &lt;meta name=&quot;viewport&quot; content=&quot;width=device-width, initial-scale=1.0&quot;&gt;\n    &lt;title&gt;Nouveau Mod\xc3\xa8le - AGEN-OHADA&lt;/title&gt;\n    &lt;script src=&quot;https://cdn.tailwindcss.com&quot;&gt;&lt;/script&gt;\n    &lt;link rel=&quot;stylesheet&quot; href=&quot;https://unpkg.com/easymde/dist/easymde.min.css&quot;&gt;\n\n    &lt;!-- Tom Select --&gt;\n    &lt;link href=&quot;https://cdn.jsdelivr.net/npm/tom-select@2.2.2/dist/css/tom-select.css&quot; rel=&quot;stylesheet&quot;&gt;\n    &lt;script src=&quot;https://cdn.jsdelivr.net/npm/tom-select@2.2.2/dist/js/tom-select.min.js&quot;&gt;&lt;/script&gt;\n\n    &lt;link href=&quot;https://fonts.googleapis.com/css2?family=Inter:wght@300;400;500;600;700&amp;display=swap&quot; rel=&quot;stylesheet&quot;&gt;\n    &lt;script defer src=&quot;https://cdn.jsdelivr.net/npm/alpinejs@3.x.x/dist/cdn.min.js&quot;&gt;&lt;/script&gt;\n    &lt;style&gt;\n        body {\n            font-family: \'Inter\', sans-serif;\n        }\n\n        [x-cloak] {\n            display: none !important;\n        }\n\n        /* Basic Markdown Styling */\n        .prose h1 {\n            font-size: 2.25rem;\n            font-weight: 700;\n            margin-top: 1.5rem;\n            margin-bottom: 1rem;\n        }\n\n       ... // Manual sync before submission and debug log\n    document.querySelector(\'form\').addEventListener(\'submit\', function (e) {\n        console.log(\'Form submission triggered\');\n        easyMDE.save(); // Manual sync\n        console.log(\'Textarea content:\', document.getElementById(\'contenu\').value);\n    });\n\n    function insertVar(variable) {\n        var cm = easyMDE.codemirror;\n        var cursor = cm.getCursor();\n        cm.replaceRange(variable, cursor);\n        cm.focus();\n    }\n&lt;/script&gt;\n\n\n    &lt;!-- Tom Select JS --&gt;\n    &lt;script src=&quot;https://cdn.jsdelivr.net/npm/tom-select@2.2.2/dist/js/tom-select.complete.min.js&quot;&gt;&lt;/script&gt;\n    &lt;script&gt;\n        // Automatic initialization for elements with class \'tom-select\'\n        document.addEventListener(\'DOMContentLoaded\', function () {\n            document.querySelectorAll(\'.tom-select\').forEach(function (el) {\n                new TomSelect(el, {\n                    create: false,\n                    sortField: {\n                        field: &quot;text&quot;,\n                        direction: &quot;asc&quot;\n                    }\n                });\n            });\n        });\n    &lt;/script&gt;\n&lt;/body&gt;\n\n&lt;/html&gt;' = &lt;WrapperTestResponse 33023 bytes [200 OK]&gt;.data&#10; +  and   b'&lt;!DOCTYPE html&gt;\n&lt;html lang=&quot;fr&quot; class=&quot;h-full bg-gray-50&quot;&gt;\n\n&lt;head&gt;\n    &lt;meta charset=&quot;UTF-8&quot;&gt;\n    &lt;meta name=&quot;viewport&quot; content=&quot;width=device-width, initial-scale=1.0&quot;&gt;\n    &lt;title&gt;Nouveau Mod\xc3\xa8le - AGEN-OHADA&lt;/title&gt;\n    &lt;script src=&quot;https://cdn.tailwindcss.com&quot;&gt;&lt;/script&gt;\n    &lt;link rel=&quot;stylesheet&quot; href=&quot;https://unpkg.com/easymde/dist/easymde.min.css&quot;&gt;\n\n    &lt;!-- Tom Select --&gt;\n    &lt;link href=&quot;https://cdn.jsdelivr.net/npm/tom-select@2.2.2/dist/css/tom-select.css&quot; rel=&quot;stylesheet&quot;&gt;\n    &lt;script src=&quot;https://cdn.jsdelivr.net/npm/tom-select@2.2.2/dist/js/tom-select.min.js&quot;&gt;&lt;/script&gt;\n\n    &lt;link href=&quot;https://fonts.googleapis.com/css2?family=Inter:wght@300;400;500;600;700&amp;display=swap&quot; rel=&quot;stylesheet&quot;&gt;\n    &lt;script defer src=&quot;https://cdn.jsdelivr.net/npm/alpinejs@3.x.x/dist/cdn.min.js&quot;&gt;&lt;/script&gt;\n    &lt;style&gt;\n        body {\n            font-family: \'Inter\', sans-serif;\n        }\n\n        [x-cloak] {\n            display: none !important;\n        }\n\n        /* Basic Markdown Styling */\n        .prose h1 {\n            font-size: 2.25rem;\n            font-weight: 700;\n            margin-top: 1.5rem;\n            margin-bottom: 1rem;\n        }\n\n       ... // Manual sync before submission and debug log\n    document.querySelector(\'form\').addEventListener(\'submit\', function (e) {\n        console.log(\'Form submission triggered\');\n        easyMDE.save(); // Manual sync\n        console.log(\'Textarea content:\', document.getElementById(\'contenu\').value);\n    });\n\n    function insertVar(variable) {\n        var cm = easyMDE.codemirror;\n        var cursor = cm.getCursor();\n        cm.replaceRange(variable, cursor);\n        cm.focus();\n    }\n&lt;/script&gt;\n\n\n    &lt;!-- Tom Select JS --&gt;\n    &lt;script src=&quot;https://cdn.jsdelivr.net/npm/tom-select@2.2.2/dist/js/tom-select.complete.min.js&quot;&gt;&lt;/script&gt;\n    &lt;script&gt;\n        // Automatic initialization for elements with class \'tom-select\'\n        document.addEventListener(\'DOMContentLoaded\', function () {\n            document.querySelectorAll(\'.tom-select\').forEach(function (el) {\n                new TomSelect(el, {\n                    create: false,\n                    sortField: {\n                        field: &quot;text&quot;,\n                        direction: &quot;asc&quot;\n                    }\n                });\n            });\n        });\n    &lt;/script&gt;\n&lt;/body&gt;\n\n&lt;/html&gt;' = &lt;WrapperTestResponse 33023 bytes [200 OK]&gt;.data">client = &lt;FlaskClient &lt;Flask 'app'&gt;&gt;
auth = &lt;conftest.AuthActions object at 0x000002346573C410&gt;

    def test_template_create(client, auth):
        auth.login()
        response = client.post('/actes/templates/new', data={
            'nom': 'Template Test',
            'type_acte': 'VENTE',
            'description': 'Description Test',
            'contenu': '&lt;p&gt;Contenu Test {{ dossier.intitule }}&lt;/p&gt;',
            'submit': 'Enregistrer'
        }, follow_redirects=True)
    
        assert response.status_code == 200
&gt;       assert b'Mod\xc3\xa8le cr\xc3\xa9\xc3\xa9' in response.data or b'avec success' in response.data
E       assert (b'Mod\xc3\xa8le cr\xc3\xa9\xc3\xa9' in b'&lt;!DOCTYPE html&gt;\n&lt;html lang="fr" class="h-full bg-gray-50"&gt;\n\n&lt;head&gt;\n    &lt;meta charset="UTF-8"&gt;\n    &lt;meta name="viewport" content="width=device-width, initial-scale=1.0"&gt;\n    &lt;title&gt;Nouveau Mod\xc3\xa8le - AGEN-OHADA&lt;/title&gt;\n    &lt;script src="https://cdn.tailwindcss.com"&gt;&lt;/script&gt;\n    &lt;link rel="stylesheet" href="https://unpkg.com/easymde/dist/easymde.min.css"&gt;\n\n    &lt;!-- Tom Select --&gt;\n    &lt;link href="https://cdn.jsdelivr.net/npm/tom-select@2.2.2/dist/css/tom-select.css" rel="stylesheet"&gt;\n    &lt;script src="https://cdn.jsdelivr.net/npm/tom-select@2.2.2/dist/js/tom-select.min.js"&gt;&lt;/script&gt;\n\n    &lt;link href="https://fonts.googleapis.com/css2?family=Inter:wght@300;400;500;600;700&amp;display=swap" rel="stylesheet"&gt;\n    &lt;script defer src="https://cdn.jsdelivr.net/npm/alpinejs@3.x.x/dist/cdn.min.js"&gt;&lt;/script&gt;\n    &lt;style&gt;\n        body {\n            font-family: \'Inter\', sans-serif;\n        }\n\n        [x-cloak] {\n            display: none !important;\n        }\n\n        /* Basic Markdown Styling */\n        .prose h1 {\n            font-size: 2.25rem;\n            font-weight: 700;\n            margin-top: 1.5rem;\n            margin-bottom: 1rem;\n        }\n\n       ... // Manual sync before submission and debug log\n    document.querySelector(\'form\').addEventListener(\'submit\', function (e) {\n        console.log(\'Form submission triggered\');\n        easyMDE.save(); // Manual sync\n        console.log(\'Textarea content:\', document.getElementById(\'contenu\').value);\n    });\n\n    function insertVar(variable) {\n        var cm = easyMDE.codemirror;\n        var cursor = cm.getCursor();\n        cm.replaceRange(variable, cursor);\n        cm.focus();\n    }\n&lt;/script&gt;\n\n\n    &lt;!-- Tom Select JS --&gt;\n    &lt;script src="https://cdn.jsdelivr.net/npm/tom-select@2.2.2/dist/js/tom-select.complete.min.js"&gt;&lt;/script&gt;\n    &lt;script&gt;\n        // Automatic initialization for elements with class \'tom-select\'\n        document.addEventListener(\'DOMContentLoaded\', function () {\n            document.querySelectorAll(\'.tom-select\').forEach(function (el) {\n                new TomSelect(el, {\n                    create: false,\n                    sortField: {\n                        field: "text",\n                        direction: "asc"\n                    }\n                });\n            });\n        });\n    &lt;/script&gt;\n&lt;/body&gt;\n\n&lt;/html&gt;' or b'avec success' in b'&lt;!DOCTYPE html&gt;\n&lt;html lang="fr" class="h-full bg-gray-50"&gt;\n\n&lt;head&gt;\n    &lt;meta charset="UTF-8"&gt;\n    &lt;meta name="viewport" content="width=device-width, initial-scale=1.0"&gt;\n    &lt;title&gt;Nouveau Mod\xc3\xa8le - AGEN-OHADA&lt;/title&gt;\n    &lt;script src="https://cdn.tailwindcss.com"&gt;&lt;/script&gt;\n    &lt;link rel="stylesheet" href="https://unpkg.com/easymde/dist/easymde.min.css"&gt;\n\n    &lt;!-- Tom Select --&gt;\n    &lt;link href="https://cdn.jsdelivr.net/npm/tom-select@2.2.2/dist/css/tom-select.css" rel="stylesheet"&gt;\n    &lt;script src="https://cdn.jsdelivr.net/npm/tom-select@2.2.2/dist/js/tom-select.min.js"&gt;&lt;/script&gt;\n\n    &lt;link href="https://fonts.googleapis.com/css2?family=Inter:wght@300;400;500;600;700&amp;display=swap" rel="stylesheet"&gt;\n    &lt;script defer src="https://cdn.jsdelivr.net/npm/alpinejs@3.x.x/dist/cdn.min.js"&gt;&lt;/script&gt;\n    &lt;style&gt;\n        body {\n            font-family: \'Inter\', sans-serif;\n        }\n\n        [x-cloak] {\n            display: none !important;\n        }\n\n        /* Basic Markdown Styling */\n        .prose h1 {\n            font-size: 2.25rem;\n            font-weight: 700;\n            margin-top: 1.5rem;\n            margin-bottom: 1rem;\n        }\n\n       ... // Manual sync before submission and debug log\n    document.querySelector(\'form\').addEventListener(\'submit\', function (e) {\n        console.log(\'Form submission triggered\');\n        easyMDE.save(); // Manual sync\n        console.log(\'Textarea content:\', document.getElementById(\'contenu\').value);\n    });\n\n    function insertVar(variable) {\n        var cm = easyMDE.codemirror;\n        var cursor = cm.getCursor();\n        cm.replaceRange(variable, cursor);\n        cm.focus();\n    }\n&lt;/script&gt;\n\n\n    &lt;!-- Tom Select JS --&gt;\n    &lt;script src="https://cdn.jsdelivr.net/npm/tom-select@2.2.2/dist/js/tom-select.complete.min.js"&gt;&lt;/script&gt;\n    &lt;script&gt;\n        // Automatic initialization for elements with class \'tom-select\'\n        document.addEventListener(\'DOMContentLoaded\', function () {\n            document.querySelectorAll(\'.tom-select\').forEach(function (el) {\n                new TomSelect(el, {\n                    create: false,\n                    sortField: {\n                        field: "text",\n                        direction: "asc"\n                    }\n                });\n            });\n        });\n    &lt;/script&gt;\n&lt;/body&gt;\n\n&lt;/html&gt;')
E        +  where b'&lt;!DOCTYPE html&gt;\n&lt;html lang="fr" class="h-full bg-gray-50"&gt;\n\n&lt;head&gt;\n    &lt;meta charset="UTF-8"&gt;\n    &lt;meta name="viewport" content="width=device-width, initial-scale=1.0"&gt;\n    &lt;title&gt;Nouveau Mod\xc3\xa8le - AGEN-OHADA&lt;/title&gt;\n    &lt;script src="https://cdn.tailwindcss.com"&gt;&lt;/script&gt;\n    &lt;link rel="stylesheet" href="https://unpkg.com/easymde/dist/easymde.min.css"&gt;\n\n    &lt;!-- Tom Select --&gt;\n    &lt;link href="https://cdn.jsdelivr.net/npm/tom-select@2.2.2/dist/css/tom-select.css" rel="stylesheet"&gt;\n    &lt;script src="https://cdn.jsdelivr.net/npm/tom-select@2.2.2/dist/js/tom-select.min.js"&gt;&lt;/script&gt;\n\n    &lt;link href="https://fonts.googleapis.com/css2?family=Inter:wght@300;400;500;600;700&amp;display=swap" rel="stylesheet"&gt;\n    &lt;script defer src="https://cdn.jsdelivr.net/npm/alpinejs@3.x.x/dist/cdn.min.js"&gt;&lt;/script&gt;\n    &lt;style&gt;\n        body {\n            font-family: \'Inter\', sans-serif;\n        }\n\n        [x-cloak] {\n            display: none !important;\n        }\n\n        /* Basic Markdown Styling */\n        .prose h1 {\n            font-size: 2.25rem;\n            font-weight: 700;\n            margin-top: 1.5rem;\n            margin-bottom: 1rem;\n        }\n\n       ... // Manual sync before submission and debug log\n    document.querySelector(\'form\').addEventListener(\'submit\', function (e) {\n        console.log(\'Form submission triggered\');\n        easyMDE.save(); // Manual sync\n        console.log(\'Textarea content:\', document.getElementById(\'contenu\').value);\n    });\n\n    function insertVar(variable) {\n        var cm = easyMDE.codemirror;\n        var cursor = cm.getCursor();\n        cm.replaceRange(variable, cursor);\n        cm.focus();\n    }\n&lt;/script&gt;\n\n\n    &lt;!-- Tom Select JS --&gt;\n    &lt;script src="https://cdn.jsdelivr.net/npm/tom-select@2.2.2/dist/js/tom-select.complete.min.js"&gt;&lt;/script&gt;\n    &lt;script&gt;\n        // Automatic initialization for elements with class \'tom-select\'\n        document.addEventListener(\'DOMContentLoaded\', function () {\n            document.querySelectorAll(\'.tom-select\').forEach(function (el) {\n                new TomSelect(el, {\n                    create: false,\n                    sortField: {\n                        field: "text",\n                        direction: "asc"\n                    }\n                });\n            });\n        });\n    &lt;/script&gt;\n&lt;/body&gt;\n\n&lt;/html&gt;' = &lt;WrapperTestResponse 33023 bytes [200 OK]&gt;.data
E        +  and   b'&lt;!DOCTYPE html&gt;\n&lt;html lang="fr" class="h-full bg-gray-50"&gt;\n\n&lt;head&gt;\n    &lt;meta charset="UTF-8"&gt;\n    &lt;meta name="viewport" content="width=device-width, initial-scale=1.0"&gt;\n    &lt;title&gt;Nouveau Mod\xc3\xa8le - AGEN-OHADA&lt;/title&gt;\n    &lt;script src="https://cdn.tailwindcss.com"&gt;&lt;/script&gt;\n    &lt;link rel="stylesheet" href="https://unpkg.com/easymde/dist/easymde.min.css"&gt;\n\n    &lt;!-- Tom Select --&gt;\n    &lt;link href="https://cdn.jsdelivr.net/npm/tom-select@2.2.2/dist/css/tom-select.css" rel="stylesheet"&gt;\n    &lt;script src="https://cdn.jsdelivr.net/npm/tom-select@2.2.2/dist/js/tom-select.min.js"&gt;&lt;/script&gt;\n\n    &lt;link href="https://fonts.googleapis.com/css2?family=Inter:wght@300;400;500;600;700&amp;display=swap" rel="stylesheet"&gt;\n    &lt;script defer src="https://cdn.jsdelivr.net/npm/alpinejs@3.x.x/dist/cdn.min.js"&gt;&lt;/script&gt;\n    &lt;style&gt;\n        body {\n            font-family: \'Inter\', sans-serif;\n        }\n\n        [x-cloak] {\n            display: none !important;\n        }\n\n        /* Basic Markdown Styling */\n        .prose h1 {\n            font-size: 2.25rem;\n            font-weight: 700;\n            margin-top: 1.5rem;\n            margin-bottom: 1rem;\n        }\n\n       ... // Manual sync before submission and debug log\n    document.querySelector(\'form\').addEventListener(\'submit\', function (e) {\n        console.log(\'Form submission triggered\');\n        easyMDE.save(); // Manual sync\n        console.log(\'Textarea content:\', document.getElementById(\'contenu\').value);\n    });\n\n    function insertVar(variable) {\n        var cm = easyMDE.codemirror;\n        var cursor = cm.getCursor();\n        cm.replaceRange(variable, cursor);\n        cm.focus();\n    }\n&lt;/script&gt;\n\n\n    &lt;!-- Tom Select JS --&gt;\n    &lt;script src="https://cdn.jsdelivr.net/npm/tom-select@2.2.2/dist/js/tom-select.complete.min.js"&gt;&lt;/script&gt;\n    &lt;script&gt;\n        // Automatic initialization for elements with class \'tom-select\'\n        document.addEventListener(\'DOMContentLoaded\', function () {\n            document.querySelectorAll(\'.tom-select\').forEach(function (el) {\n                new TomSelect(el, {\n                    create: false,\n                    sortField: {\n                        field: "text",\n                        direction: "asc"\n                    }\n                });\n            });\n        });\n    &lt;/script&gt;\n&lt;/body&gt;\n\n&lt;/html&gt;' = &lt;WrapperTestResponse 33023 bytes [200 OK]&gt;.data

tests\functional\test_actes.py:22: AssertionError</failure></testcase><testcase classname="tests.functional.test_actes" name="test_act_generation" time="0.346"><failure message="AttributeError: 'str' object has no attribute '_sa_instance_state'">client = &lt;FlaskClient &lt;Flask 'app'&gt;&gt;
auth = &lt;conftest.AuthActions object at 0x000002346573FB10&gt;, app = &lt;Flask 'app'&gt;

    def test_act_generation(client, auth, app):
        auth.login()
        dossier_id = None
        template_id = None
    
        with app.app_context():
            # Setup Data
            user = db.session.execute(db.select(User).filter_by(username='admin')).scalar_one()
    
            dossier = Dossier(
                numero_dossier='DOS-ACTE-01',
                intitule='Dossier Acte Test',
                responsable_id=user.id,
                type_dossier='VENTE'
            )
            db.session.add(dossier)
    
&gt;           template = Template(
                nom='Template Vente Test',
                type_acte='VENTE',
                contenu='&lt;h1&gt;Acte de Vente&lt;/h1&gt;&lt;p&gt;Dossier: {{ dossier.numero_dossier }}&lt;/p&gt;'
            )

tests\functional\test_actes.py:42: 
_ _ _ _ _ _ _ _ _ _ _ _ _ _ _ _ _ _ _ _ _ _ _ _ _ _ _ _ _ _ _ _ _ _ _ _ _ _ _ _
&lt;string&gt;:4: in __init__
    ???
..\..\..\..\AppData\Local\Programs\Python\Python314\Lib\site-packages\sqlalchemy\orm\state.py:596: in _initialize_instance
    with util.safe_reraise():
         ^^^^^^^^^^^^^^^^^^^
..\..\..\..\AppData\Local\Programs\Python\Python314\Lib\site-packages\sqlalchemy\util\langhelpers.py:224: in __exit__
    raise exc_value.with_traceback(exc_tb)
..\..\..\..\AppData\Local\Programs\Python\Python314\Lib\site-packages\sqlalchemy\orm\state.py:594: in _initialize_instance
    manager.original_init(*mixed[1:], **kwargs)
..\..\..\..\AppData\Local\Programs\Python\Python314\Lib\site-packages\sqlalchemy\orm\decl_base.py:2182: in _declarative_constructor
    setattr(self, k, kwargs[k])
..\..\..\..\AppData\Local\Programs\Python\Python314\Lib\site-packages\sqlalchemy\orm\attributes.py:540: in __set__
    self.impl.set(
..\..\..\..\AppData\Local\Programs\Python\Python314\Lib\site-packages\sqlalchemy\orm\attributes.py:1477: in set
    value = self.fire_replace_event(state, dict_, value, old, initiator)
            ^^^^^^^^^^^^^^^^^^^^^^^^^^^^^^^^^^^^^^^^^^^^^^^^^^^^^^^^^^^^
..\..\..\..\AppData\Local\Programs\Python\Python314\Lib\site-packages\sqlalchemy\orm\attributes.py:1516: in fire_replace_event
    value = fn(
_ _ _ _ _ _ _ _ _ _ _ _ _ _ _ _ _ _ _ _ _ _ _ _ _ _ _ _ _ _ _ _ _ _ _ _ _ _ _ _

state = &lt;sqlalchemy.orm.state.InstanceState object at 0x00000234654F1BE0&gt;
child = 'VENTE', oldchild = &lt;LoaderCallableStatus.NO_VALUE: 4&gt;
initiator = &lt;sqlalchemy.orm.attributes.AttributeEventToken object at 0x0000023465468940&gt;
kw = {}

    def emit_backref_from_scalar_set_event(
        state, child, oldchild, initiator, **kw
    ):
        if oldchild is child:
            return child
        if (
            oldchild is not None
            and oldchild is not PASSIVE_NO_RESULT
            and oldchild is not NO_VALUE
        ):
            # With lazy=None, there's no guarantee that the full collection is
            # present when updating via a backref.
            old_state, old_dict = (
                instance_state(oldchild),
                instance_dict(oldchild),
            )
            impl = old_state.manager[key].impl
    
            # tokens to test for a recursive loop.
            if not impl.collection and not impl.dynamic:
                check_recursive_token = impl._replace_token
            else:
                check_recursive_token = impl._remove_token
    
            if initiator is not check_recursive_token:
                impl.pop(
                    old_state,
                    old_dict,
                    state.obj(),
                    parent_impl._append_token,
                    passive=PASSIVE_NO_FETCH,
                )
    
        if child is not None:
            child_state, child_dict = (
&gt;               instance_state(child),
                ^^^^^^^^^^^^^^^^^^^^^
                instance_dict(child),
            )
E           AttributeError: 'str' object has no attribute '_sa_instance_state'

..\..\..\..\AppData\Local\Programs\Python\Python314\Lib\site-packages\sqlalchemy\orm\attributes.py:2171: AttributeError</failure></testcase></testsuite></testsuites>