============================= test session starts =============================
platform win32 -- Python 3.14.2, pytest-9.0.2, pluggy-1.6.0 -- C:\Users\Admin\AppData\Local\Programs\Python\Python314\python.exe
cachedir: .pytest_cache
rootdir: C:\Users\Admin\Documents\Repository\AGEN-OHADA-flask\AGEN-OHADA-FLASK
configfile: pytest.ini
plugins: cov-7.0.0
collecting ... collected 1 item

tests/functional/test_comptabilite.py::test_dashboard_access_authorized FAILED [100%]

================================== FAILURES ===================================
______________________ test_dashboard_access_authorized _______________________

client = <FlaskClient <Flask 'app'>>
auth = <conftest.AuthActions object at 0x00000228EEBCFB60>

    def test_dashboard_access_authorized(client, auth):
        """Test dashboard access for logged in user."""
        response = auth.login()
        assert b'Tableau de Bord' in response.data or b'Bienvenue' in response.data, f"Login failed: {response.data}"
    
        response = client.get('/comptabilite/')
        assert response.status_code == 200
>       assert b'Tableau de Bord' in response.data
E       assert b'Tableau de Bord' in b'<!DOCTYPE html>\n<html lang="fr" class="h-full bg-gray-50">\n\n<head>\n    <meta charset="UTF-8">\n    <meta name="viewport" content="width=device-width, initial-scale=1.0">\n    <title>AGEN-OHADA</title>\n    <script src="https://cdn.tailwindcss.com"></script>\n    <link href="https://fonts.googleapis.com/css2?family=Inter:wght@300;400;500;600;700&display=swap" rel="stylesheet">\n    <style>\n        body {\n            font-family: \'Inter\', sans-serif;\n        }\n    </style>\n</head>\n\n<body class="h-full">\n    <div class="min-h-full">\n        <!-- Navigation -->\n        \n        <nav class="bg-white shadow">\n            <div class="mx-auto max-w-7xl px-4 sm:px-6 lg:px-8">\n                <div class="flex h-16 justify-between">\n                    <div class="flex">\n                        <div class="flex flex-shrink-0 items-center">\n                            <span class="text-xl font-bold text-indigo-600">AGEN-OHADA</span>\n                        </div>\n                    </div>\n                    <div class="hidden sm:ml-6 sm:flex sm:space-x-8">\n                        <a href="/index"\n                            class="inline-flex items-center px-1 pt-1 border-b-2 border-transparent text-sm font-medium text-gray-500 hover:border-gray-300 hover:text-gray-700">Accueil</a>\n                        <a href="/clients"\n                            class="inline-flex items-center px-1 pt-1 border-b-2 border-transparent text-sm font-medium text-gray-500 hover:border-gray-300 hover:text-gray-700">Clients</a>\n                        <a href="/dossiers/"\n                            class="inline-flex items-center px-1 pt-1 border-b-2 border-transparent text-sm font-medium text-gray-500 hover:border-gray-300 hover:text-gray-700">Dossiers</a>\n                        <a href="/actes/templates"\n                            class="inline-flex items-center px-1 pt-1 border-b-2 border-transparent text-sm font-medium text-gray-500 hover:border-gray-300 hover:text-gray-700">Mod\xc3\xa8les</a>\n                        <a href="/formalites/"\n                            class="inline-flex items-center px-1 pt-1 border-b-2 border-transparent text-sm font-medium text-gray-500 hover:border-gray-300 hover:text-gray-700">Formalit\xc3\xa9s</a>\n                        <a href="/comptabilite/"\n                            class="inline-flex items-center px-1 pt-1 border-b-2 border-transparent text-sm font-medium text-gray-500 hover:border-gray-300 hover:text-gray-700">Comptabilit\xc3\xa9</a>\n                    </div>\n\n                    <div class="flex items-center">\n                        <a href="/auth/logout"\n                            class="text-sm font-medium text-gray-500 hover:text-gray-700">Se d\xc3\xa9connecter</a>\n                    </div>\n                </div>\n            </div>\n        </nav>\n        \n\n        <!-- Flash Messages -->\n        <div class="mx-auto max-w-7xl px-4 sm:px-6 lg:px-8 mt-4">\n            \n            \n            \n        </div>\n\n        <!-- Main Content -->\n        <main>\n            <div class="mx-auto max-w-7xl py-6 sm:px-6 lg:px-8">\n                \n<div class="px-4 sm:px-6 lg:px-8">\n    <!-- Header -->\n    <div class="mb-8">\n        <h1 class="text-3xl font-bold text-gray-900">Comptabilit\xc3\xa9</h1>\n        <p class="mt-2 text-sm text-gray-700">Tableau de bord financier et gestion comptable</p>\n    </div>\n\n    <!-- Statistics Cards -->\n    <div class="grid grid-cols-1 gap-5 sm:grid-cols-2 lg:grid-cols-4 mb-8">\n        <!-- Office Balance -->\n        <div class="overflow-hidden rounded-lg bg-gradient-to-br from-blue-500 to-blue-600 px-4 py-5 shadow sm:p-6">\n            <dt class="truncate text-sm font-medium text-blue-100">Solde Compte Office</dt>\n            <dd class="mt-1 text-3xl font-semibold tracking-tight text-white">\n                0 FCFA\n            </dd>\n        </div>\n\n        <!-- Client Balance -->\n        <div class="overflow-hidden rounded-lg bg-gradient-to-br from-green-500 to-green-600 px-4 py-5 shadow sm:p-6">\n            <dt class="truncate text-sm font-medium text-green-100">Solde Compte Client</dt>\n            <dd class="mt-1 text-3xl font-semibold tracking-tight text-white">\n                0 FCFA\n            </dd>\n        </div>\n\n        <!-- Total Receipts -->\n        <div class="overflow-hidden rounded-lg bg-gradient-to-br from-purple-500 to-purple-600 px-4 py-5 shadow sm:p-6">\n            <dt class="truncate text-sm font-medium text-purple-100">Re\xc3\xa7us \xc3\x89mis</dt>\n            <dd class="mt-1 text-3xl font-semibold tracking-tight text-white">\n                0\n            </dd>\n        </div>\n\n        <!-- Total Invoices -->\n        <div class="overflow-hidden rounded-lg bg-gradient-to-br from-orange-500 to-orange-600 px-4 py-5 shadow sm:p-6">\n            <dt class="truncate text-sm font-medium text-orange-100">Factures Cr\xc3\xa9\xc3\xa9es</dt>\n            <dd class="mt-1 text-3xl font-semibold tracking-tight text-white">\n                0\n            </dd>\n        </div>\n    </div>\n\n    <!-- Quick Actions -->\n    <div class="mb-8">\n        <h2 class="text-lg font-semibold text-gray-900 mb-4">Actions Rapides</h2>\n        <div class="grid grid-cols-1 gap-4 sm:grid-cols-2 lg:grid-cols-4">\n            <a href="/comptabilite/recus/new"\n                class="relative block rounded-lg border-2 border-dashed border-gray-300 p-6 text-center hover:border-indigo-500 hover:bg-gray-50 transition-all">\n                <svg class="mx-auto h-12 w-12 text-indigo-600" fill="none" stroke="currentColor" viewBox="0 0 24 24">\n                    <path stroke-linecap="round" stroke-linejoin="round" stroke-width="2"\n                        d="M9 12h6m-6 4h6m2 5H7a2 2 0 01-2-2V5a2 2 0 012-2h5.586a1 1 0 01.707.293l5.414 5.414a1 1 0 01.293.707V19a2 2 0 01-2 2z" />\n                </svg>\n                <span class="mt-2 block text-sm font-medium text-gray-900">Nouveau Re\xc3\xa7u</span>\n            </a>\n\n            <a href="/comptabilite/factures/new"\n                class="relative block rounded-lg border-2 border-dashed border-gray-300 p-6 text-center hover:border-indigo-500 hover:bg-gray-50 transition-all">\n                <svg class="mx-auto h-12 w-12 text-indigo-600" fill="none" stroke="currentColor" viewBox="0 0 24 24">\n                    <path stroke-linecap="round" stroke-linejoin="round" stroke-width="2"\n                        d="M9 12h6m-6 4h6m2 5H7a2 2 0 01-2-2V5a2 2 0 012-2h5.586a1 1 0 01.707.293l5.414 5.414a1 1 0 01.293.707V19a2 2 0 01-2 2z" />\n                </svg>\n                <span class="mt-2 block text-sm font-medium text-gray-900">Nouvelle Facture</span>\n            </a>\n\n            <a href="/comptabilite/comptes"\n                class="relative block rounded-lg border-2 border-dashed border-gray-300 p-6 text-center hover:border-indigo-500 hover:bg-gray-50 transition-all">\n                <svg class="mx-auto h-12 w-12 text-indigo-600" fill="none" stroke="currentColor" viewBox="0 0 24 24">\n                    <path stroke-linecap="round" stroke-linejoin="round" stroke-width="2"\n                        d="M19 11H5m14 0a2 2 0 012 2v6a2 2 0 01-2 2H5a2 2 0 01-2-2v-6a2 2 0 012-2m14 0V9a2 2 0 00-2-2M5 11V9a2 2 0 012-2m0 0V5a2 2 0 012-2h6a2 2 0 012 2v2M7 7h10" />\n                </svg>\n                <span class="mt-2 block text-sm font-medium text-gray-900">Plan Comptable</span>\n            </a>\n\n            <a href="/comptabilite/reports/balance"\n                class="relative block rounded-lg border-2 border-dashed border-gray-300 p-6 text-center hover:border-indigo-500 hover:bg-gray-50 transition-all">\n                <svg class="mx-auto h-12 w-12 text-indigo-600" fill="none" stroke="currentColor" viewBox="0 0 24 24">\n                    <path stroke-linecap="round" stroke-linejoin="round" stroke-width="2"\n                        d="M9 19v-6a2 2 0 00-2-2H5a2 2 0 00-2 2v6a2 2 0 002 2h2a2 2 0 002-2zm0 0V9a2 2 0 012-2h2a2 2 0 012 2v10m-6 0a2 2 0 002 2h2a2 2 0 002-2m0 0V5a2 2 0 012-2h2a2 2 0 012 2v14a2 2 0 01-2 2h-2a2 2 0 01-2-2z" />\n                </svg>\n                <span class="mt-2 block text-sm font-medium text-gray-900">Balance G\xc3\xa9n\xc3\xa9rale</span>\n            </a>\n        </div>\n    </div>\n\n    <!-- Two Column Layout -->\n    <div class="grid grid-cols-1 gap-6 lg:grid-cols-2">\n        <!-- Recent Receipts -->\n        <div class="bg-white shadow-sm ring-1 ring-gray-900/5 sm:rounded-xl">\n            <div class="px-4 py-5 sm:p-6">\n                <div class="flex items-center justify-between mb-4">\n                    <h3 class="text-base font-semibold leading-6 text-gray-900">Re\xc3\xa7us R\xc3\xa9cents</h3>\n                    <a href="/comptabilite/recus"\n                        class="text-sm font-medium text-indigo-600 hover:text-indigo-500">Voir tout \xe2\x86\x92</a>\n                </div>\n\n                \n                <p class="text-sm text-gray-500 text-center py-8">Aucun re\xc3\xa7u \xc3\xa9mis</p>\n                \n            </div>\n        </div>\n\n        <!-- Recent Invoices -->\n        <div class="bg-white shadow-sm ring-1 ring-gray-900/5 sm:rounded-xl">\n            <div class="px-4 py-5 sm:p-6">\n                <div class="flex items-center justify-between mb-4">\n                    <h3 class="text-base font-semibold leading-6 text-gray-900">Factures R\xc3\xa9centes</h3>\n                    <a href="/comptabilite/factures"\n                        class="text-sm font-medium text-indigo-600 hover:text-indigo-500">Voir tout \xe2\x86\x92</a>\n                </div>\n\n                \n                <p class="text-sm text-gray-500 text-center py-8">Aucune facture cr\xc3\xa9\xc3\xa9e</p>\n                \n            </div>\n        </div>\n    </div>\n\n    <!-- Account Summary -->\n    <div class="mt-8 bg-white shadow-sm ring-1 ring-gray-900/5 sm:rounded-xl">\n        <div class="px-4 py-5 sm:p-6">\n            <h3 class="text-base font-semibold leading-6 text-gray-900 mb-4">R\xc3\xa9sum\xc3\xa9 des Comptes</h3>\n            <div class="overflow-x-auto">\n                <table class="min-w-full divide-y divide-gray-300">\n                    <thead>\n                        <tr>\n                            <th scope="col" class="py-3.5 pl-4 pr-3 text-left text-sm font-semibold text-gray-900">\n                                Compte</th>\n                            <th scope="col" class="px-3 py-3.5 text-left text-sm font-semibold text-gray-900">Cat\xc3\xa9gorie\n                            </th>\n                            <th scope="col" class="px-3 py-3.5 text-right text-sm font-semibold text-gray-900">Solde\n                            </th>\n                        </tr>\n                    </thead>\n                    <tbody class="divide-y divide-gray-200">\n                        \n                    </tbody>\n                </table>\n            </div>\n            \n        </div>\n    </div>\n</div>\n\n            </div>\n        </main>\n    </div>\n</body>\n\n</html>'
E        +  where b'<!DOCTYPE html>\n<html lang="fr" class="h-full bg-gray-50">\n\n<head>\n    <meta charset="UTF-8">\n    <meta name="viewport" content="width=device-width, initial-scale=1.0">\n    <title>AGEN-OHADA</title>\n    <script src="https://cdn.tailwindcss.com"></script>\n    <link href="https://fonts.googleapis.com/css2?family=Inter:wght@300;400;500;600;700&display=swap" rel="stylesheet">\n    <style>\n        body {\n            font-family: \'Inter\', sans-serif;\n        }\n    </style>\n</head>\n\n<body class="h-full">\n    <div class="min-h-full">\n        <!-- Navigation -->\n        \n        <nav class="bg-white shadow">\n            <div class="mx-auto max-w-7xl px-4 sm:px-6 lg:px-8">\n                <div class="flex h-16 justify-between">\n                    <div class="flex">\n                        <div class="flex flex-shrink-0 items-center">\n                            <span class="text-xl font-bold text-indigo-600">AGEN-OHADA</span>\n                        </div>\n                    </div>\n                    <div class="hidden sm:ml-6 sm:flex sm:space-x-8">\n                        <a href="/index"\n                            class="inline-flex items-center px-1 pt-1 border-b-2 border-transparent text-sm font-medium text-gray-500 hover:border-gray-300 hover:text-gray-700">Accueil</a>\n                        <a href="/clients"\n                            class="inline-flex items-center px-1 pt-1 border-b-2 border-transparent text-sm font-medium text-gray-500 hover:border-gray-300 hover:text-gray-700">Clients</a>\n                        <a href="/dossiers/"\n                            class="inline-flex items-center px-1 pt-1 border-b-2 border-transparent text-sm font-medium text-gray-500 hover:border-gray-300 hover:text-gray-700">Dossiers</a>\n                        <a href="/actes/templates"\n                            class="inline-flex items-center px-1 pt-1 border-b-2 border-transparent text-sm font-medium text-gray-500 hover:border-gray-300 hover:text-gray-700">Mod\xc3\xa8les</a>\n                        <a href="/formalites/"\n                            class="inline-flex items-center px-1 pt-1 border-b-2 border-transparent text-sm font-medium text-gray-500 hover:border-gray-300 hover:text-gray-700">Formalit\xc3\xa9s</a>\n                        <a href="/comptabilite/"\n                            class="inline-flex items-center px-1 pt-1 border-b-2 border-transparent text-sm font-medium text-gray-500 hover:border-gray-300 hover:text-gray-700">Comptabilit\xc3\xa9</a>\n                    </div>\n\n                    <div class="flex items-center">\n                        <a href="/auth/logout"\n                            class="text-sm font-medium text-gray-500 hover:text-gray-700">Se d\xc3\xa9connecter</a>\n                    </div>\n                </div>\n            </div>\n        </nav>\n        \n\n        <!-- Flash Messages -->\n        <div class="mx-auto max-w-7xl px-4 sm:px-6 lg:px-8 mt-4">\n            \n            \n            \n        </div>\n\n        <!-- Main Content -->\n        <main>\n            <div class="mx-auto max-w-7xl py-6 sm:px-6 lg:px-8">\n                \n<div class="px-4 sm:px-6 lg:px-8">\n    <!-- Header -->\n    <div class="mb-8">\n        <h1 class="text-3xl font-bold text-gray-900">Comptabilit\xc3\xa9</h1>\n        <p class="mt-2 text-sm text-gray-700">Tableau de bord financier et gestion comptable</p>\n    </div>\n\n    <!-- Statistics Cards -->\n    <div class="grid grid-cols-1 gap-5 sm:grid-cols-2 lg:grid-cols-4 mb-8">\n        <!-- Office Balance -->\n        <div class="overflow-hidden rounded-lg bg-gradient-to-br from-blue-500 to-blue-600 px-4 py-5 shadow sm:p-6">\n            <dt class="truncate text-sm font-medium text-blue-100">Solde Compte Office</dt>\n            <dd class="mt-1 text-3xl font-semibold tracking-tight text-white">\n                0 FCFA\n            </dd>\n        </div>\n\n        <!-- Client Balance -->\n        <div class="overflow-hidden rounded-lg bg-gradient-to-br from-green-500 to-green-600 px-4 py-5 shadow sm:p-6">\n            <dt class="truncate text-sm font-medium text-green-100">Solde Compte Client</dt>\n            <dd class="mt-1 text-3xl font-semibold tracking-tight text-white">\n                0 FCFA\n            </dd>\n        </div>\n\n        <!-- Total Receipts -->\n        <div class="overflow-hidden rounded-lg bg-gradient-to-br from-purple-500 to-purple-600 px-4 py-5 shadow sm:p-6">\n            <dt class="truncate text-sm font-medium text-purple-100">Re\xc3\xa7us \xc3\x89mis</dt>\n            <dd class="mt-1 text-3xl font-semibold tracking-tight text-white">\n                0\n            </dd>\n        </div>\n\n        <!-- Total Invoices -->\n        <div class="overflow-hidden rounded-lg bg-gradient-to-br from-orange-500 to-orange-600 px-4 py-5 shadow sm:p-6">\n            <dt class="truncate text-sm font-medium text-orange-100">Factures Cr\xc3\xa9\xc3\xa9es</dt>\n            <dd class="mt-1 text-3xl font-semibold tracking-tight text-white">\n                0\n            </dd>\n        </div>\n    </div>\n\n    <!-- Quick Actions -->\n    <div class="mb-8">\n        <h2 class="text-lg font-semibold text-gray-900 mb-4">Actions Rapides</h2>\n        <div class="grid grid-cols-1 gap-4 sm:grid-cols-2 lg:grid-cols-4">\n            <a href="/comptabilite/recus/new"\n                class="relative block rounded-lg border-2 border-dashed border-gray-300 p-6 text-center hover:border-indigo-500 hover:bg-gray-50 transition-all">\n                <svg class="mx-auto h-12 w-12 text-indigo-600" fill="none" stroke="currentColor" viewBox="0 0 24 24">\n                    <path stroke-linecap="round" stroke-linejoin="round" stroke-width="2"\n                        d="M9 12h6m-6 4h6m2 5H7a2 2 0 01-2-2V5a2 2 0 012-2h5.586a1 1 0 01.707.293l5.414 5.414a1 1 0 01.293.707V19a2 2 0 01-2 2z" />\n                </svg>\n                <span class="mt-2 block text-sm font-medium text-gray-900">Nouveau Re\xc3\xa7u</span>\n            </a>\n\n            <a href="/comptabilite/factures/new"\n                class="relative block rounded-lg border-2 border-dashed border-gray-300 p-6 text-center hover:border-indigo-500 hover:bg-gray-50 transition-all">\n                <svg class="mx-auto h-12 w-12 text-indigo-600" fill="none" stroke="currentColor" viewBox="0 0 24 24">\n                    <path stroke-linecap="round" stroke-linejoin="round" stroke-width="2"\n                        d="M9 12h6m-6 4h6m2 5H7a2 2 0 01-2-2V5a2 2 0 012-2h5.586a1 1 0 01.707.293l5.414 5.414a1 1 0 01.293.707V19a2 2 0 01-2 2z" />\n                </svg>\n                <span class="mt-2 block text-sm font-medium text-gray-900">Nouvelle Facture</span>\n            </a>\n\n            <a href="/comptabilite/comptes"\n                class="relative block rounded-lg border-2 border-dashed border-gray-300 p-6 text-center hover:border-indigo-500 hover:bg-gray-50 transition-all">\n                <svg class="mx-auto h-12 w-12 text-indigo-600" fill="none" stroke="currentColor" viewBox="0 0 24 24">\n                    <path stroke-linecap="round" stroke-linejoin="round" stroke-width="2"\n                        d="M19 11H5m14 0a2 2 0 012 2v6a2 2 0 01-2 2H5a2 2 0 01-2-2v-6a2 2 0 012-2m14 0V9a2 2 0 00-2-2M5 11V9a2 2 0 012-2m0 0V5a2 2 0 012-2h6a2 2 0 012 2v2M7 7h10" />\n                </svg>\n                <span class="mt-2 block text-sm font-medium text-gray-900">Plan Comptable</span>\n            </a>\n\n            <a href="/comptabilite/reports/balance"\n                class="relative block rounded-lg border-2 border-dashed border-gray-300 p-6 text-center hover:border-indigo-500 hover:bg-gray-50 transition-all">\n                <svg class="mx-auto h-12 w-12 text-indigo-600" fill="none" stroke="currentColor" viewBox="0 0 24 24">\n                    <path stroke-linecap="round" stroke-linejoin="round" stroke-width="2"\n                        d="M9 19v-6a2 2 0 00-2-2H5a2 2 0 00-2 2v6a2 2 0 002 2h2a2 2 0 002-2zm0 0V9a2 2 0 012-2h2a2 2 0 012 2v10m-6 0a2 2 0 002 2h2a2 2 0 002-2m0 0V5a2 2 0 012-2h2a2 2 0 012 2v14a2 2 0 01-2 2h-2a2 2 0 01-2-2z" />\n                </svg>\n                <span class="mt-2 block text-sm font-medium text-gray-900">Balance G\xc3\xa9n\xc3\xa9rale</span>\n            </a>\n        </div>\n    </div>\n\n    <!-- Two Column Layout -->\n    <div class="grid grid-cols-1 gap-6 lg:grid-cols-2">\n        <!-- Recent Receipts -->\n        <div class="bg-white shadow-sm ring-1 ring-gray-900/5 sm:rounded-xl">\n            <div class="px-4 py-5 sm:p-6">\n                <div class="flex items-center justify-between mb-4">\n                    <h3 class="text-base font-semibold leading-6 text-gray-900">Re\xc3\xa7us R\xc3\xa9cents</h3>\n                    <a href="/comptabilite/recus"\n                        class="text-sm font-medium text-indigo-600 hover:text-indigo-500">Voir tout \xe2\x86\x92</a>\n                </div>\n\n                \n                <p class="text-sm text-gray-500 text-center py-8">Aucun re\xc3\xa7u \xc3\xa9mis</p>\n                \n            </div>\n        </div>\n\n        <!-- Recent Invoices -->\n        <div class="bg-white shadow-sm ring-1 ring-gray-900/5 sm:rounded-xl">\n            <div class="px-4 py-5 sm:p-6">\n                <div class="flex items-center justify-between mb-4">\n                    <h3 class="text-base font-semibold leading-6 text-gray-900">Factures R\xc3\xa9centes</h3>\n                    <a href="/comptabilite/factures"\n                        class="text-sm font-medium text-indigo-600 hover:text-indigo-500">Voir tout \xe2\x86\x92</a>\n                </div>\n\n                \n                <p class="text-sm text-gray-500 text-center py-8">Aucune facture cr\xc3\xa9\xc3\xa9e</p>\n                \n            </div>\n        </div>\n    </div>\n\n    <!-- Account Summary -->\n    <div class="mt-8 bg-white shadow-sm ring-1 ring-gray-900/5 sm:rounded-xl">\n        <div class="px-4 py-5 sm:p-6">\n            <h3 class="text-base font-semibold leading-6 text-gray-900 mb-4">R\xc3\xa9sum\xc3\xa9 des Comptes</h3>\n            <div class="overflow-x-auto">\n                <table class="min-w-full divide-y divide-gray-300">\n                    <thead>\n                        <tr>\n                            <th scope="col" class="py-3.5 pl-4 pr-3 text-left text-sm font-semibold text-gray-900">\n                                Compte</th>\n                            <th scope="col" class="px-3 py-3.5 text-left text-sm font-semibold text-gray-900">Cat\xc3\xa9gorie\n                            </th>\n                            <th scope="col" class="px-3 py-3.5 text-right text-sm font-semibold text-gray-900">Solde\n                            </th>\n                        </tr>\n                    </thead>\n                    <tbody class="divide-y divide-gray-200">\n                        \n                    </tbody>\n                </table>\n            </div>\n            \n        </div>\n    </div>\n</div>\n\n            </div>\n        </main>\n    </div>\n</body>\n\n</html>' = <WrapperTestResponse 10783 bytes [200 OK]>.data

tests\functional\test_comptabilite.py:16: AssertionError
============================== warnings summary ===============================
tests/functional/test_comptabilite.py::test_dashboard_access_authorized
  C:\Users\Admin\AppData\Local\Programs\Python\Python314\Lib\site-packages\sqlalchemy\sql\schema.py:3624: DeprecationWarning: datetime.datetime.utcnow() is deprecated and scheduled for removal in a future version. Use timezone-aware objects to represent datetimes in UTC: datetime.datetime.now(datetime.UTC).
    return util.wrap_callable(lambda ctx: fn(), fn)  # type: ignore

-- Docs: https://docs.pytest.org/en/stable/how-to/capture-warnings.html
=============================== tests coverage ================================
_______________ coverage: platform win32, python 3.14.2-final-0 _______________

Name                           Stmts   Miss  Cover
--------------------------------------------------
app\__init__.py                   33      0   100%
app\actes\__init__.py              3      0   100%
app\actes\forms.py                21      2    90%
app\actes\routes.py               98     66    33%
app\auth\__init__.py               3      0   100%
app\auth\forms.py                  8      0   100%
app\auth\routes.py                27      6    78%
app\cli.py                        20      8    60%
app\clients\__init__.py            3      0   100%
app\clients\forms.py              14      0   100%
app\clients\routes.py             74     52    30%
app\comptabilite\__init__.py       3      0   100%
app\comptabilite\forms.py         64      5    92%
app\comptabilite\routes.py       124     73    41%
app\comptabilite\service.py      119     88    26%
app\config.py                      7      0   100%
app\dossiers\__init__.py           3      0   100%
app\dossiers\forms.py             15      0   100%
app\dossiers\routes.py            94     68    28%
app\formalites\__init__.py         3      0   100%
app\formalites\calculator.py      54     33    39%
app\formalites\forms.py           18      1    94%
app\formalites\routes.py         126     96    24%
app\main\__init__.py               3      0   100%
app\main\routes.py                 8      0   100%
app\models.py                    178      9    95%
--------------------------------------------------
TOTAL                           1123    507    55%
=========================== short test summary info ===========================
FAILED tests/functional/test_comptabilite.py::test_dashboard_access_authorized - assert b'Tableau de Bord' in b'<!DOCTYPE html>\n<html lang="fr" class="h-full bg-gray-50">\n\n<head>\n    <meta charset="UTF-8">\n    <meta name="viewport" content="width=device-width, initial-scale=1.0">\n    <title>AGEN-OHADA</title>\n    <script src="https://cdn.tailwindcss.com"></script>\n    <link href="https://fonts.googleapis.com/css2?family=Inter:wght@300;400;500;600;700&display=swap" rel="stylesheet">\n    <style>\n        body {\n            font-family: \'Inter\', sans-serif;\n        }\n    </style>\n</head>\n\n<body class="h-full">\n    <div class="min-h-full">\n        <!-- Navigation -->\n        \n        <nav class="bg-white shadow">\n            <div class="mx-auto max-w-7xl px-4 sm:px-6 lg:px-8">\n                <div class="flex h-16 justify-between">\n                    <div class="flex">\n                        <div class="flex flex-shrink-0 items-center">\n                            <span class="text-xl font-bold text-indigo-600">AGEN-OHADA</span>\n                        </div>\n                    </div>\n                    <div class="hidden sm:ml-6 sm:flex sm:space-x-8">\n                        <a href="/index"\n                            class="inline-flex items-center px-1 pt-1 border-b-2 border-transparent text-sm font-medium text-gray-500 hover:border-gray-300 hover:text-gray-700">Accueil</a>\n                        <a href="/clients"\n                            class="inline-flex items-center px-1 pt-1 border-b-2 border-transparent text-sm font-medium text-gray-500 hover:border-gray-300 hover:text-gray-700">Clients</a>\n                        <a href="/dossiers/"\n                            class="inline-flex items-center px-1 pt-1 border-b-2 border-transparent text-sm font-medium text-gray-500 hover:border-gray-300 hover:text-gray-700">Dossiers</a>\n                        <a href="/actes/templates"\n                            class="inline-flex items-center px-1 pt-1 border-b-2 border-transparent text-sm font-medium text-gray-500 hover:border-gray-300 hover:text-gray-700">Mod\xc3\xa8les</a>\n                        <a href="/formalites/"\n                            class="inline-flex items-center px-1 pt-1 border-b-2 border-transparent text-sm font-medium text-gray-500 hover:border-gray-300 hover:text-gray-700">Formalit\xc3\xa9s</a>\n                        <a href="/comptabilite/"\n                            class="inline-flex items-center px-1 pt-1 border-b-2 border-transparent text-sm font-medium text-gray-500 hover:border-gray-300 hover:text-gray-700">Comptabilit\xc3\xa9</a>\n                    </div>\n\n                    <div class="flex items-center">\n                        <a href="/auth/logout"\n                            class="text-sm font-medium text-gray-500 hover:text-gray-700">Se d\xc3\xa9connecter</a>\n                    </div>\n                </div>\n            </div>\n        </nav>\n        \n\n        <!-- Flash Messages -->\n        <div class="mx-auto max-w-7xl px-4 sm:px-6 lg:px-8 mt-4">\n            \n            \n            \n        </div>\n\n        <!-- Main Content -->\n        <main>\n            <div class="mx-auto max-w-7xl py-6 sm:px-6 lg:px-8">\n                \n<div class="px-4 sm:px-6 lg:px-8">\n    <!-- Header -->\n    <div class="mb-8">\n        <h1 class="text-3xl font-bold text-gray-900">Comptabilit\xc3\xa9</h1>\n        <p class="mt-2 text-sm text-gray-700">Tableau de bord financier et gestion comptable</p>\n    </div>\n\n    <!-- Statistics Cards -->\n    <div class="grid grid-cols-1 gap-5 sm:grid-cols-2 lg:grid-cols-4 mb-8">\n        <!-- Office Balance -->\n        <div class="overflow-hidden rounded-lg bg-gradient-to-br from-blue-500 to-blue-600 px-4 py-5 shadow sm:p-6">\n            <dt class="truncate text-sm font-medium text-blue-100">Solde Compte Office</dt>\n            <dd class="mt-1 text-3xl font-semibold tracking-tight text-white">\n                0 FCFA\n            </dd>\n        </div>\n\n        <!-- Client Balance -->\n        <div class="overflow-hidden rounded-lg bg-gradient-to-br from-green-500 to-green-600 px-4 py-5 shadow sm:p-6">\n            <dt class="truncate text-sm font-medium text-green-100">Solde Compte Client</dt>\n            <dd class="mt-1 text-3xl font-semibold tracking-tight text-white">\n                0 FCFA\n            </dd>\n        </div>\n\n        <!-- Total Receipts -->\n        <div class="overflow-hidden rounded-lg bg-gradient-to-br from-purple-500 to-purple-600 px-4 py-5 shadow sm:p-6">\n            <dt class="truncate text-sm font-medium text-purple-100">Re\xc3\xa7us \xc3\x89mis</dt>\n            <dd class="mt-1 text-3xl font-semibold tracking-tight text-white">\n                0\n            </dd>\n        </div>\n\n        <!-- Total Invoices -->\n        <div class="overflow-hidden rounded-lg bg-gradient-to-br from-orange-500 to-orange-600 px-4 py-5 shadow sm:p-6">\n            <dt class="truncate text-sm font-medium text-orange-100">Factures Cr\xc3\xa9\xc3\xa9es</dt>\n            <dd class="mt-1 text-3xl font-semibold tracking-tight text-white">\n                0\n            </dd>\n        </div>\n    </div>\n\n    <!-- Quick Actions -->\n    <div class="mb-8">\n        <h2 class="text-lg font-semibold text-gray-900 mb-4">Actions Rapides</h2>\n        <div class="grid grid-cols-1 gap-4 sm:grid-cols-2 lg:grid-cols-4">\n            <a href="/comptabilite/recus/new"\n                class="relative block rounded-lg border-2 border-dashed border-gray-300 p-6 text-center hover:border-indigo-500 hover:bg-gray-50 transition-all">\n                <svg class="mx-auto h-12 w-12 text-indigo-600" fill="none" stroke="currentColor" viewBox="0 0 24 24">\n                    <path stroke-linecap="round" stroke-linejoin="round" stroke-width="2"\n                        d="M9 12h6m-6 4h6m2 5H7a2 2 0 01-2-2V5a2 2 0 012-2h5.586a1 1 0 01.707.293l5.414 5.414a1 1 0 01.293.707V19a2 2 0 01-2 2z" />\n                </svg>\n                <span class="mt-2 block text-sm font-medium text-gray-900">Nouveau Re\xc3\xa7u</span>\n            </a>\n\n            <a href="/comptabilite/factures/new"\n                class="relative block rounded-lg border-2 border-dashed border-gray-300 p-6 text-center hover:border-indigo-500 hover:bg-gray-50 transition-all">\n                <svg class="mx-auto h-12 w-12 text-indigo-600" fill="none" stroke="currentColor" viewBox="0 0 24 24">\n                    <path stroke-linecap="round" stroke-linejoin="round" stroke-width="2"\n                        d="M9 12h6m-6 4h6m2 5H7a2 2 0 01-2-2V5a2 2 0 012-2h5.586a1 1 0 01.707.293l5.414 5.414a1 1 0 01.293.707V19a2 2 0 01-2 2z" />\n                </svg>\n                <span class="mt-2 block text-sm font-medium text-gray-900">Nouvelle Facture</span>\n            </a>\n\n            <a href="/comptabilite/comptes"\n                class="relative block rounded-lg border-2 border-dashed border-gray-300 p-6 text-center hover:border-indigo-500 hover:bg-gray-50 transition-all">\n                <svg class="mx-auto h-12 w-12 text-indigo-600" fill="none" stroke="currentColor" viewBox="0 0 24 24">\n                    <path stroke-linecap="round" stroke-linejoin="round" stroke-width="2"\n                        d="M19 11H5m14 0a2 2 0 012 2v6a2 2 0 01-2 2H5a2 2 0 01-2-2v-6a2 2 0 012-2m14 0V9a2 2 0 00-2-2M5 11V9a2 2 0 012-2m0 0V5a2 2 0 012-2h6a2 2 0 012 2v2M7 7h10" />\n                </svg>\n                <span class="mt-2 block text-sm font-medium text-gray-900">Plan Comptable</span>\n            </a>\n\n            <a href="/comptabilite/reports/balance"\n                class="relative block rounded-lg border-2 border-dashed border-gray-300 p-6 text-center hover:border-indigo-500 hover:bg-gray-50 transition-all">\n                <svg class="mx-auto h-12 w-12 text-indigo-600" fill="none" stroke="currentColor" viewBox="0 0 24 24">\n                    <path stroke-linecap="round" stroke-linejoin="round" stroke-width="2"\n                        d="M9 19v-6a2 2 0 00-2-2H5a2 2 0 00-2 2v6a2 2 0 002 2h2a2 2 0 002-2zm0 0V9a2 2 0 012-2h2a2 2 0 012 2v10m-6 0a2 2 0 002 2h2a2 2 0 002-2m0 0V5a2 2 0 012-2h2a2 2 0 012 2v14a2 2 0 01-2 2h-2a2 2 0 01-2-2z" />\n                </svg>\n                <span class="mt-2 block text-sm font-medium text-gray-900">Balance G\xc3\xa9n\xc3\xa9rale</span>\n            </a>\n        </div>\n    </div>\n\n    <!-- Two Column Layout -->\n    <div class="grid grid-cols-1 gap-6 lg:grid-cols-2">\n        <!-- Recent Receipts -->\n        <div class="bg-white shadow-sm ring-1 ring-gray-900/5 sm:rounded-xl">\n            <div class="px-4 py-5 sm:p-6">\n                <div class="flex items-center justify-between mb-4">\n                    <h3 class="text-base font-semibold leading-6 text-gray-900">Re\xc3\xa7us R\xc3\xa9cents</h3>\n                    <a href="/comptabilite/recus"\n                        class="text-sm font-medium text-indigo-600 hover:text-indigo-500">Voir tout \xe2\x86\x92</a>\n                </div>\n\n                \n                <p class="text-sm text-gray-500 text-center py-8">Aucun re\xc3\xa7u \xc3\xa9mis</p>\n                \n            </div>\n        </div>\n\n        <!-- Recent Invoices -->\n        <div class="bg-white shadow-sm ring-1 ring-gray-900/5 sm:rounded-xl">\n            <div class="px-4 py-5 sm:p-6">\n                <div class="flex items-center justify-between mb-4">\n                    <h3 class="text-base font-semibold leading-6 text-gray-900">Factures R\xc3\xa9centes</h3>\n                    <a href="/comptabilite/factures"\n                        class="text-sm font-medium text-indigo-600 hover:text-indigo-500">Voir tout \xe2\x86\x92</a>\n                </div>\n\n                \n                <p class="text-sm text-gray-500 text-center py-8">Aucune facture cr\xc3\xa9\xc3\xa9e</p>\n                \n            </div>\n        </div>\n    </div>\n\n    <!-- Account Summary -->\n    <div class="mt-8 bg-white shadow-sm ring-1 ring-gray-900/5 sm:rounded-xl">\n        <div class="px-4 py-5 sm:p-6">\n            <h3 class="text-base font-semibold leading-6 text-gray-900 mb-4">R\xc3\xa9sum\xc3\xa9 des Comptes</h3>\n            <div class="overflow-x-auto">\n                <table class="min-w-full divide-y divide-gray-300">\n                    <thead>\n                        <tr>\n                            <th scope="col" class="py-3.5 pl-4 pr-3 text-left text-sm font-semibold text-gray-900">\n                                Compte</th>\n                            <th scope="col" class="px-3 py-3.5 text-left text-sm font-semibold text-gray-900">Cat\xc3\xa9gorie\n                            </th>\n                            <th scope="col" class="px-3 py-3.5 text-right text-sm font-semibold text-gray-900">Solde\n                            </th>\n                        </tr>\n                    </thead>\n                    <tbody class="divide-y divide-gray-200">\n                        \n                    </tbody>\n                </table>\n            </div>\n            \n        </div>\n    </div>\n</div>\n\n            </div>\n        </main>\n    </div>\n</body>\n\n</html>'
 +  where b'<!DOCTYPE html>\n<html lang="fr" class="h-full bg-gray-50">\n\n<head>\n    <meta charset="UTF-8">\n    <meta name="viewport" content="width=device-width, initial-scale=1.0">\n    <title>AGEN-OHADA</title>\n    <script src="https://cdn.tailwindcss.com"></script>\n    <link href="https://fonts.googleapis.com/css2?family=Inter:wght@300;400;500;600;700&display=swap" rel="stylesheet">\n    <style>\n        body {\n            font-family: \'Inter\', sans-serif;\n        }\n    </style>\n</head>\n\n<body class="h-full">\n    <div class="min-h-full">\n        <!-- Navigation -->\n        \n        <nav class="bg-white shadow">\n            <div class="mx-auto max-w-7xl px-4 sm:px-6 lg:px-8">\n                <div class="flex h-16 justify-between">\n                    <div class="flex">\n                        <div class="flex flex-shrink-0 items-center">\n                            <span class="text-xl font-bold text-indigo-600">AGEN-OHADA</span>\n                        </div>\n                    </div>\n                    <div class="hidden sm:ml-6 sm:flex sm:space-x-8">\n                        <a href="/index"\n                            class="inline-flex items-center px-1 pt-1 border-b-2 border-transparent text-sm font-medium text-gray-500 hover:border-gray-300 hover:text-gray-700">Accueil</a>\n                        <a href="/clients"\n                            class="inline-flex items-center px-1 pt-1 border-b-2 border-transparent text-sm font-medium text-gray-500 hover:border-gray-300 hover:text-gray-700">Clients</a>\n                        <a href="/dossiers/"\n                            class="inline-flex items-center px-1 pt-1 border-b-2 border-transparent text-sm font-medium text-gray-500 hover:border-gray-300 hover:text-gray-700">Dossiers</a>\n                        <a href="/actes/templates"\n                            class="inline-flex items-center px-1 pt-1 border-b-2 border-transparent text-sm font-medium text-gray-500 hover:border-gray-300 hover:text-gray-700">Mod\xc3\xa8les</a>\n                        <a href="/formalites/"\n                            class="inline-flex items-center px-1 pt-1 border-b-2 border-transparent text-sm font-medium text-gray-500 hover:border-gray-300 hover:text-gray-700">Formalit\xc3\xa9s</a>\n                        <a href="/comptabilite/"\n                            class="inline-flex items-center px-1 pt-1 border-b-2 border-transparent text-sm font-medium text-gray-500 hover:border-gray-300 hover:text-gray-700">Comptabilit\xc3\xa9</a>\n                    </div>\n\n                    <div class="flex items-center">\n                        <a href="/auth/logout"\n                            class="text-sm font-medium text-gray-500 hover:text-gray-700">Se d\xc3\xa9connecter</a>\n                    </div>\n                </div>\n            </div>\n        </nav>\n        \n\n        <!-- Flash Messages -->\n        <div class="mx-auto max-w-7xl px-4 sm:px-6 lg:px-8 mt-4">\n            \n            \n            \n        </div>\n\n        <!-- Main Content -->\n        <main>\n            <div class="mx-auto max-w-7xl py-6 sm:px-6 lg:px-8">\n                \n<div class="px-4 sm:px-6 lg:px-8">\n    <!-- Header -->\n    <div class="mb-8">\n        <h1 class="text-3xl font-bold text-gray-900">Comptabilit\xc3\xa9</h1>\n        <p class="mt-2 text-sm text-gray-700">Tableau de bord financier et gestion comptable</p>\n    </div>\n\n    <!-- Statistics Cards -->\n    <div class="grid grid-cols-1 gap-5 sm:grid-cols-2 lg:grid-cols-4 mb-8">\n        <!-- Office Balance -->\n        <div class="overflow-hidden rounded-lg bg-gradient-to-br from-blue-500 to-blue-600 px-4 py-5 shadow sm:p-6">\n            <dt class="truncate text-sm font-medium text-blue-100">Solde Compte Office</dt>\n            <dd class="mt-1 text-3xl font-semibold tracking-tight text-white">\n                0 FCFA\n            </dd>\n        </div>\n\n        <!-- Client Balance -->\n        <div class="overflow-hidden rounded-lg bg-gradient-to-br from-green-500 to-green-600 px-4 py-5 shadow sm:p-6">\n            <dt class="truncate text-sm font-medium text-green-100">Solde Compte Client</dt>\n            <dd class="mt-1 text-3xl font-semibold tracking-tight text-white">\n                0 FCFA\n            </dd>\n        </div>\n\n        <!-- Total Receipts -->\n        <div class="overflow-hidden rounded-lg bg-gradient-to-br from-purple-500 to-purple-600 px-4 py-5 shadow sm:p-6">\n            <dt class="truncate text-sm font-medium text-purple-100">Re\xc3\xa7us \xc3\x89mis</dt>\n            <dd class="mt-1 text-3xl font-semibold tracking-tight text-white">\n                0\n            </dd>\n        </div>\n\n        <!-- Total Invoices -->\n        <div class="overflow-hidden rounded-lg bg-gradient-to-br from-orange-500 to-orange-600 px-4 py-5 shadow sm:p-6">\n            <dt class="truncate text-sm font-medium text-orange-100">Factures Cr\xc3\xa9\xc3\xa9es</dt>\n            <dd class="mt-1 text-3xl font-semibold tracking-tight text-white">\n                0\n            </dd>\n        </div>\n    </div>\n\n    <!-- Quick Actions -->\n    <div class="mb-8">\n        <h2 class="text-lg font-semibold text-gray-900 mb-4">Actions Rapides</h2>\n        <div class="grid grid-cols-1 gap-4 sm:grid-cols-2 lg:grid-cols-4">\n            <a href="/comptabilite/recus/new"\n                class="relative block rounded-lg border-2 border-dashed border-gray-300 p-6 text-center hover:border-indigo-500 hover:bg-gray-50 transition-all">\n                <svg class="mx-auto h-12 w-12 text-indigo-600" fill="none" stroke="currentColor" viewBox="0 0 24 24">\n                    <path stroke-linecap="round" stroke-linejoin="round" stroke-width="2"\n                        d="M9 12h6m-6 4h6m2 5H7a2 2 0 01-2-2V5a2 2 0 012-2h5.586a1 1 0 01.707.293l5.414 5.414a1 1 0 01.293.707V19a2 2 0 01-2 2z" />\n                </svg>\n                <span class="mt-2 block text-sm font-medium text-gray-900">Nouveau Re\xc3\xa7u</span>\n            </a>\n\n            <a href="/comptabilite/factures/new"\n                class="relative block rounded-lg border-2 border-dashed border-gray-300 p-6 text-center hover:border-indigo-500 hover:bg-gray-50 transition-all">\n                <svg class="mx-auto h-12 w-12 text-indigo-600" fill="none" stroke="currentColor" viewBox="0 0 24 24">\n                    <path stroke-linecap="round" stroke-linejoin="round" stroke-width="2"\n                        d="M9 12h6m-6 4h6m2 5H7a2 2 0 01-2-2V5a2 2 0 012-2h5.586a1 1 0 01.707.293l5.414 5.414a1 1 0 01.293.707V19a2 2 0 01-2 2z" />\n                </svg>\n                <span class="mt-2 block text-sm font-medium text-gray-900">Nouvelle Facture</span>\n            </a>\n\n            <a href="/comptabilite/comptes"\n                class="relative block rounded-lg border-2 border-dashed border-gray-300 p-6 text-center hover:border-indigo-500 hover:bg-gray-50 transition-all">\n                <svg class="mx-auto h-12 w-12 text-indigo-600" fill="none" stroke="currentColor" viewBox="0 0 24 24">\n                    <path stroke-linecap="round" stroke-linejoin="round" stroke-width="2"\n                        d="M19 11H5m14 0a2 2 0 012 2v6a2 2 0 01-2 2H5a2 2 0 01-2-2v-6a2 2 0 012-2m14 0V9a2 2 0 00-2-2M5 11V9a2 2 0 012-2m0 0V5a2 2 0 012-2h6a2 2 0 012 2v2M7 7h10" />\n                </svg>\n                <span class="mt-2 block text-sm font-medium text-gray-900">Plan Comptable</span>\n            </a>\n\n            <a href="/comptabilite/reports/balance"\n                class="relative block rounded-lg border-2 border-dashed border-gray-300 p-6 text-center hover:border-indigo-500 hover:bg-gray-50 transition-all">\n                <svg class="mx-auto h-12 w-12 text-indigo-600" fill="none" stroke="currentColor" viewBox="0 0 24 24">\n                    <path stroke-linecap="round" stroke-linejoin="round" stroke-width="2"\n                        d="M9 19v-6a2 2 0 00-2-2H5a2 2 0 00-2 2v6a2 2 0 002 2h2a2 2 0 002-2zm0 0V9a2 2 0 012-2h2a2 2 0 012 2v10m-6 0a2 2 0 002 2h2a2 2 0 002-2m0 0V5a2 2 0 012-2h2a2 2 0 012 2v14a2 2 0 01-2 2h-2a2 2 0 01-2-2z" />\n                </svg>\n                <span class="mt-2 block text-sm font-medium text-gray-900">Balance G\xc3\xa9n\xc3\xa9rale</span>\n            </a>\n        </div>\n    </div>\n\n    <!-- Two Column Layout -->\n    <div class="grid grid-cols-1 gap-6 lg:grid-cols-2">\n        <!-- Recent Receipts -->\n        <div class="bg-white shadow-sm ring-1 ring-gray-900/5 sm:rounded-xl">\n            <div class="px-4 py-5 sm:p-6">\n                <div class="flex items-center justify-between mb-4">\n                    <h3 class="text-base font-semibold leading-6 text-gray-900">Re\xc3\xa7us R\xc3\xa9cents</h3>\n                    <a href="/comptabilite/recus"\n                        class="text-sm font-medium text-indigo-600 hover:text-indigo-500">Voir tout \xe2\x86\x92</a>\n                </div>\n\n                \n                <p class="text-sm text-gray-500 text-center py-8">Aucun re\xc3\xa7u \xc3\xa9mis</p>\n                \n            </div>\n        </div>\n\n        <!-- Recent Invoices -->\n        <div class="bg-white shadow-sm ring-1 ring-gray-900/5 sm:rounded-xl">\n            <div class="px-4 py-5 sm:p-6">\n                <div class="flex items-center justify-between mb-4">\n                    <h3 class="text-base font-semibold leading-6 text-gray-900">Factures R\xc3\xa9centes</h3>\n                    <a href="/comptabilite/factures"\n                        class="text-sm font-medium text-indigo-600 hover:text-indigo-500">Voir tout \xe2\x86\x92</a>\n                </div>\n\n                \n                <p class="text-sm text-gray-500 text-center py-8">Aucune facture cr\xc3\xa9\xc3\xa9e</p>\n                \n            </div>\n        </div>\n    </div>\n\n    <!-- Account Summary -->\n    <div class="mt-8 bg-white shadow-sm ring-1 ring-gray-900/5 sm:rounded-xl">\n        <div class="px-4 py-5 sm:p-6">\n            <h3 class="text-base font-semibold leading-6 text-gray-900 mb-4">R\xc3\xa9sum\xc3\xa9 des Comptes</h3>\n            <div class="overflow-x-auto">\n                <table class="min-w-full divide-y divide-gray-300">\n                    <thead>\n                        <tr>\n                            <th scope="col" class="py-3.5 pl-4 pr-3 text-left text-sm font-semibold text-gray-900">\n                                Compte</th>\n                            <th scope="col" class="px-3 py-3.5 text-left text-sm font-semibold text-gray-900">Cat\xc3\xa9gorie\n                            </th>\n                            <th scope="col" class="px-3 py-3.5 text-right text-sm font-semibold text-gray-900">Solde\n                            </th>\n                        </tr>\n                    </thead>\n                    <tbody class="divide-y divide-gray-200">\n                        \n                    </tbody>\n                </table>\n            </div>\n            \n        </div>\n    </div>\n</div>\n\n            </div>\n        </main>\n    </div>\n</body>\n\n</html>' = <WrapperTestResponse 10783 bytes [200 OK]>.data
======================== 1 failed, 1 warning in 2.44s =========================
